#
# A fatal error has been detected by the Java Runtime Environment:
#
#  Internal Error (relocInfo_x86.cpp:110), pid=25799, tid=25818
#  Error: ShouldNotReachHere()
#
# JRE version: OpenJDK Runtime Environment (Red_Hat-21.0.5.0.11-1) (21.0.5+11) (build 21.0.5+11)
# Java VM: OpenJDK 64-Bit Server VM (Red_Hat-21.0.5.0.11-1) (21.0.5+11, mixed mode, sharing, tiered, compressed oops, compressed class ptrs, g1 gc, linux-amd64)
# Problematic frame:
# V  [libjvm.so+0xde1a0c]  Relocation::pd_call_destination(unsigned char*)+0xac
#
# Core dump will be written. Default location: Core dumps may be processed with "/usr/lib/systemd/systemd-coredump %P %u %g %s %t %c %h" (or dumping to /home/ccordeiro/area_dev/spring-boot/tdd/automate-tests-with-java/core.25799)
#
# If you would like to submit a bug report, please visit:
#   https://bugzilla.redhat.com/enter_bug.cgi?product=Fedora&component=java-21-openjdk&version=39
#

---------------  S U M M A R Y ------------

Command Line: /home/ccordeiro/area_dev/spring-boot/tdd/automate-tests-with-java/target/surefire/surefirebooter-20250201211640101_3.jar /home/ccordeiro/area_dev/spring-boot/tdd/automate-tests-with-java/target/surefire 2025-02-01T21-16-39_992-jvmRun1 surefire-20250201211640101_1tmp surefire_0-20250201211640101_2tmp

Host: AMD FX(tm)-4100 Quad-Core Processor, 8 cores, 7G, Fedora release 40 (Forty)
Time: Sat Feb  1 21:16:41 2025 -03 elapsed time: 0.943048 seconds (0d 0h 0m 0s)

---------------  T H R E A D  ---------------

Current thread (0x00007f4f78155460):  JavaThread "C1 CompilerThread0" daemon [_thread_in_vm, id=25818, stack(0x00007f4f7c11b000,0x00007f4f7c21b000) (1024K)]


Current CompileTask:
C1:943 1343       3       java.lang.invoke.AbstractValidatingLambdaMetafactory::validateMetafactoryArgs (607 bytes)

Stack: [0x00007f4f7c11b000,0x00007f4f7c21b000],  sp=0x00007f4f7c2188b0,  free space=1014k
Native frames: (J=compiled Java code, j=interpreted, Vv=VM code, C=native code)
V  [libjvm.so+0xde1a0c]  Relocation::pd_call_destination(unsigned char*)+0xac  (relocInfo_x86.cpp:110)
V  [libjvm.so+0xdde19f]  CallRelocation::fix_relocation_after_move(CodeBuffer const*, CodeBuffer*)+0x4f
V  [libjvm.so+0x65360d]  CodeBuffer::relocate_code_to(CodeBuffer*) const+0x26d
V  [libjvm.so+0x654329]  CodeBuffer::copy_code_to(CodeBlob*)+0x199
V  [libjvm.so+0xcfe474]  nmethod::nmethod(Method*, CompilerType, int, int, int, CodeOffsets*, int, DebugInformationRecorder*, Dependencies*, CodeBuffer*, int, OopMapSet*, ExceptionHandlerTable*, ImplicitExceptionTable*, AbstractCompiler*, CompLevel, char*, int, JVMCINMethodData*)+0x3a4
V  [libjvm.so+0xcfe897]  nmethod::new_nmethod(methodHandle const&, int, int, CodeOffsets*, int, DebugInformationRecorder*, Dependencies*, CodeBuffer*, int, OopMapSet*, ExceptionHandlerTable*, ImplicitExceptionTable*, AbstractCompiler*, CompLevel, char*, int, JVMCINMethodData*)+0x217
V  [libjvm.so+0x5dff88]  ciEnv::register_method(ciMethod*, int, CodeOffsets*, int, CodeBuffer*, int, OopMapSet*, ExceptionHandlerTable*, ImplicitExceptionTable*, AbstractCompiler*, bool, bool, bool, int, RTMState)+0x3a8
V  [libjvm.so+0x4f4a7d]  Compilation::install_code(int)+0xbd
V  [libjvm.so+0x4f6315]  Compilation::compile_method()+0x285
V  [libjvm.so+0x4f658a]  Compilation::Compilation(AbstractCompiler*, ciEnv*, ciMethod*, int, BufferBlob*, bool, DirectiveSet*)+0x20a
V  [libjvm.so+0x4f7499]  Compiler::compile_method(ciEnv*, ciMethod*, int, bool, DirectiveSet*)+0xc9
V  [libjvm.so+0x68c288]  CompileBroker::invoke_compiler_on_method(CompileTask*)+0xae8
V  [libjvm.so+0x68f4a8]  CompileBroker::compiler_thread_loop()+0x678
V  [libjvm.so+0x9530eb]  JavaThread::thread_main_inner() [clone .part.0]+0xcb
V  [libjvm.so+0xfc1f06]  Thread::call_run()+0xb6
V  [libjvm.so+0xd40ae2]  thread_native_entry(Thread*)+0xe2
C  [libc.so.6+0x98057]  start_thread+0x387
Registers:
RAX=0x00007f4f7fc90000, RBX=0x000000000734d8a0, RCX=0x00000000000000e0, RDX=0x00000000000000a4
RSP=0x00007f4f7c2188b0, RBP=0x00007f4f7c2188c0, RSI=0x000000000000006e, RDI=0x00007f4f7f6043b0
R8 =0x0000000000000000, R9 =0x0000000000000000, R10=0x00007f4ed41c5b0a, R11=0x0000000000000000
R12=0x00007f4f7c219218, R13=0x00007f4f7c218990, R14=0x00007f4f7c218a00, R15=0x00007f4f7c219218
RIP=0x00007f4f7f1e1a0c, EFLAGS=0x0000000000010286, CSGSFS=0x002b000000000033, ERR=0x0000000000000006
  TRAPNO=0x000000000000000e


Register to memory mapping:

RAX=0x00007f4f7fc90000 points into unknown readable memory: 0x0000000000000058 | 58 00 00 00 00 00 00 00
RBX=0x000000000734d8a0 is an unknown value
RCX=0x00000000000000e0 is an unknown value
RDX=0x00000000000000a4 is an unknown value
RSP=0x00007f4f7c2188b0 is pointing into the stack for thread: 0x00007f4f78155460
RBP=0x00007f4f7c2188c0 is pointing into the stack for thread: 0x00007f4f78155460
RSI=0x000000000000006e is an unknown value
RDI=0x00007f4f7f6043b0: <offset 0x00000000012043b0> in /usr/lib/jvm/java-21-openjdk-21.0.5.0.11-1.fc40.x86_64/lib/server/libjvm.so at 0x00007f4f7e400000
R8 =0x0 is null
R9 =0x0 is null
R10=0x00007f4ed41c5b0a points into unknown readable memory: 00 00 00 00 00 00
R11=0x0 is null
R12=0x00007f4f7c219218 is pointing into the stack for thread: 0x00007f4f78155460
R13=0x00007f4f7c218990 is pointing into the stack for thread: 0x00007f4f78155460
R14=0x00007f4f7c218a00 is pointing into the stack for thread: 0x00007f4f78155460
R15=0x00007f4f7c219218 is pointing into the stack for thread: 0x00007f4f78155460

Top of Stack: (sp=0x00007f4f7c2188b0)
0x00007f4f7c2188b0:   00007f4f7c218910 0000000000006381
0x00007f4f7c2188c0:   00007f4f7c2188f0 00007f4f7f1de19f
0x00007f4f7c2188d0:   00007f4f7c218920 00007f4f7c218a60
0x00007f4f7c2188e0:   00007f4f7c218a00 00007f4f7c218b10
0x00007f4f7c2188f0:   00007f4f7c2189f0 00007f4f7ea5360d
0x00007f4f7c218900:   00007f4f7c218b10 000077d800000000
0x00007f4f7c218910:   00007f4f60468060 00007f4f6046f837
0x00007f4f7c218920:   0000000000000000 00007f4ed41c589c
0x00007f4f7c218930:   00007f4ed41c5b0a 0000000000000000
0x00007f4f7c218940:   00007f4f6046e3e1 000000000000000a
0x00007f4f7c218950:   00007f4f7c218948 00007f4f7eaa0000
0x00007f4f7c218960:   00007f4f60468060 00007f4f60468060
0x00007f4f7c218970:   00007f4f6046f650 00007f4f60468060
0x00007f4f7c218980:   00007f4f6046f64c 00007f4f6046f837
0x00007f4f7c218990:   00007f4f7f858870 00007f4f7c218920
0x00007f4f7c2189a0:   0000000000000006 00007f4f00000000
0x00007f4f7c2189b0:   00007f4f00000000 a5fcd133d2109500
0x00007f4f7c2189c0:   00007f4f7c218a40 00007f4f60467590
0x00007f4f7c2189d0:   00007f4f7c219218 00007f4f7c218a00
0x00007f4f7c2189e0:   00007f4f7c218b38 00007f4f7c2191f8
0x00007f4f7c2189f0:   00007f4f7c218bf0 00007f4f7ea54329
0x00007f4f7c218a00:   00007f4f7f5f657a 00007f4f60468060
0x00007f4f7c218a10:   0000000000000000 00007f4f60468060
0x00007f4f7c218a20:   00007f4f60468060 0000000000000000
0x00007f4f7c218a30:   0000000000000000 0000000000000000
0x00007f4f7c218a40:   00007f4f60468060 0000000000000000
0x00007f4f7c218a50:   00007f4ed4043100 00007f4f7c218a00
0x00007f4f7c218a60:   00007f4f60468060 0000000000000000
0x00007f4f7c218a70:   00007f4f6046f64c 00007f4f6046f650
0x00007f4f7c218a80:   00007f4ed41c5348 00007f4ed41c5b0a
0x00007f4f7c218a90:   00007f4ed41c5b0a 00007f4f6046f647
0x00007f4f7c218aa0:   0000000000000000 0000000000000a01 

Instructions: (pc=0x00007f4f7f1e1a0c)
0x00007f4f7f1e190c:   8d 15 0e 97 73 00 48 89 d8 8b 4a 08 48 2b 02 48
0x00007f4f7f1e191c:   d3 e8 39 c6 0f 84 6e fe ff ff 48 8d 05 c3 97 73
0x00007f4f7f1e192c:   00 48 8d 0d 2a 2a 42 00 48 8d 15 fd 2a 42 00 be
0x00007f4f7f1e193c:   3f 00 00 00 48 8d 3d 69 2a 42 00 48 8b 00 c6 00
0x00007f4f7f1e194c:   58 31 c0 e8 6c f4 8e ff 66 66 2e 0f 1f 84 00 00
0x00007f4f7f1e195c:   00 00 00 90 f3 0f 1e fa 55 31 c9 48 89 f2 48 89
0x00007f4f7f1e196c:   e5 53 48 89 cb 48 83 ec 08 48 8b 47 08 48 8b 40
0x00007f4f7f1e197c:   20 48 29 c2 48 85 f6 48 0f 45 da 0f b6 10 80 fa
0x00007f4f7f1e198c:   e8 0f 84 85 00 00 00 89 d1 83 e1 fd 80 f9 e9 75
0x00007f4f7f1e199c:   2b 48 63 50 01 48 8d 54 10 05 48 83 fa ff 74 0f
0x00007f4f7f1e19ac:   48 39 c2 0f 94 c1 48 01 da 84 c9 48 0f 44 c2 48
0x00007f4f7f1e19bc:   8b 5d f8 c9 c3 0f 1f 80 00 00 00 00 8b 08 81 e1
0x00007f4f7f1e19cc:   ff f0 00 00 81 f9 0f 80 00 00 74 58 89 d1 83 e1
0x00007f4f7f1e19dc:   f0 80 f9 70 74 4e 83 ea 48 80 fa 01 77 0c 0f b6
0x00007f4f7f1e19ec:   50 01 83 e2 f8 80 fa b8 74 52 48 8d 05 f3 96 73
0x00007f4f7f1e19fc:   00 be 6e 00 00 00 48 8d 3d a7 29 42 00 48 8b 00
0x00007f4f7f1e1a0c:   c6 00 58 e8 dc f7 8e ff 0f 1f 40 00 48 89 c7 e8
0x00007f4f7f1e1a1c:   a0 33 f1 ff 48 01 d8 48 8b 5d f8 c9 c3 0f 1f 80
0x00007f4f7f1e1a2c:   00 00 00 00 48 89 c7 e8 b8 41 f1 ff 48 01 d8 48
0x00007f4f7f1e1a3c:   8b 5d f8 c9 c3 0f 1f 80 00 00 00 00 48 8b 40 02
0x00007f4f7f1e1a4c:   e9 6a ff ff ff 90 66 66 2e 0f 1f 84 00 00 00 00
0x00007f4f7f1e1a5c:   00 0f 1f 00 f3 0f 1e fa 55 48 89 e5 41 55 41 54
0x00007f4f7f1e1a6c:   49 89 fc 53 48 89 f3 48 83 ec 08 48 8b 47 08 48
0x00007f4f7f1e1a7c:   8b 78 20 0f b6 07 3c e8 0f 84 c6 00 00 00 89 c2
0x00007f4f7f1e1a8c:   83 e2 fd 80 fa e9 75 4c 48 63 47 01 48 8d 44 07
0x00007f4f7f1e1a9c:   05 48 83 f8 ff 0f 84 99 00 00 00 48 39 c7 0f 84
0x00007f4f7f1e1aac:   90 00 00 00 48 8d 57 05 48 89 f0 48 29 d0 48 83
0x00007f4f7f1e1abc:   fb ff 48 c7 c2 fb ff ff ff be 01 00 00 00 48 0f
0x00007f4f7f1e1acc:   44 c2 89 47 01 48 83 c4 08 5b 41 5c 41 5d 5d e9
0x00007f4f7f1e1adc:   70 2f f1 ff 8b 17 81 e2 ff f0 00 00 81 fa 0f 80
0x00007f4f7f1e1aec:   00 00 0f 84 8c 00 00 00 89 c2 83 e2 f0 80 fa 70
0x00007f4f7f1e1afc:   0f 84 7e 00 00 00 83 e8 48 3c 01 77 0f 0f b6 47 


Stack slot to memory mapping:

stack at sp + 0 slots: 0x00007f4f7c218910 is pointing into the stack for thread: 0x00007f4f78155460
stack at sp + 1 slots: 0x0000000000006381 is an unknown value
stack at sp + 2 slots: 0x00007f4f7c2188f0 is pointing into the stack for thread: 0x00007f4f78155460
stack at sp + 3 slots: 0x00007f4f7f1de19f: <offset 0x0000000000dde19f> in /usr/lib/jvm/java-21-openjdk-21.0.5.0.11-1.fc40.x86_64/lib/server/libjvm.so at 0x00007f4f7e400000
stack at sp + 4 slots: 0x00007f4f7c218920 is pointing into the stack for thread: 0x00007f4f78155460
stack at sp + 5 slots: 0x00007f4f7c218a60 is pointing into the stack for thread: 0x00007f4f78155460
stack at sp + 6 slots: 0x00007f4f7c218a00 is pointing into the stack for thread: 0x00007f4f78155460
stack at sp + 7 slots: 0x00007f4f7c218b10 is pointing into the stack for thread: 0x00007f4f78155460


---------------  P R O C E S S  ---------------

Threads class SMR info:
_java_thread_list=0x00007f4f78631380, length=12, elements={
0x00007f4f7802b130, 0x00007f4f7814c890, 0x00007f4f7814df10, 0x00007f4f7814f6c0,
0x00007f4f78150cf0, 0x00007f4f78152280, 0x00007f4f78153db0, 0x00007f4f78155460,
0x00007f4f78191290, 0x00007f4f781941b0, 0x00007f4f7861f7d0, 0x00007f4f78630210
}

Java Threads: ( => current thread )
  0x00007f4f7802b130 JavaThread "main"                              [_thread_blocked, id=25801, stack(0x00007f4f7e219000,0x00007f4f7e319000) (1024K)]
  0x00007f4f7814c890 JavaThread "Reference Handler"          daemon [_thread_blocked, id=25812, stack(0x00007f4f7c71b000,0x00007f4f7c81b000) (1024K)]
  0x00007f4f7814df10 JavaThread "Finalizer"                  daemon [_thread_blocked, id=25813, stack(0x00007f4f7c61b000,0x00007f4f7c71b000) (1024K)]
  0x00007f4f7814f6c0 JavaThread "Signal Dispatcher"          daemon [_thread_blocked, id=25814, stack(0x00007f4f7c51b000,0x00007f4f7c61b000) (1024K)]
  0x00007f4f78150cf0 JavaThread "Service Thread"             daemon [_thread_blocked, id=25815, stack(0x00007f4f7c41b000,0x00007f4f7c51b000) (1024K)]
  0x00007f4f78152280 JavaThread "Monitor Deflation Thread"   daemon [_thread_blocked, id=25816, stack(0x00007f4f7c31b000,0x00007f4f7c41b000) (1024K)]
  0x00007f4f78153db0 JavaThread "C2 CompilerThread0"         daemon [_thread_blocked, id=25817, stack(0x00007f4f7c21b000,0x00007f4f7c31b000) (1024K)]
=>0x00007f4f78155460 JavaThread "C1 CompilerThread0"         daemon [_thread_in_vm, id=25818, stack(0x00007f4f7c11b000,0x00007f4f7c21b000) (1024K)]
  0x00007f4f78191290 JavaThread "Notification Thread"        daemon [_thread_blocked, id=25819, stack(0x00007f4f77f00000,0x00007f4f78000000) (1024K)]
  0x00007f4f781941b0 JavaThread "Common-Cleaner"             daemon [_thread_blocked, id=25820, stack(0x00007f4f5e218000,0x00007f4f5e318000) (1024K)]
  0x00007f4f7861f7d0 JavaThread "surefire-forkedjvm-stream-flusher" daemon [_thread_blocked, id=25821, stack(0x00007f4f06f00000,0x00007f4f07000000) (1024K)]
  0x00007f4f78630210 JavaThread "surefire-forkedjvm-command-thread" daemon [_thread_in_native, id=25822, stack(0x00007f4f06e00000,0x00007f4f06f00000) (1024K)]
Total: 12

Other Threads:
  0x00007f4f78143770 VMThread "VM Thread"                           [id=25811, stack(0x00007f4f7c81c000,0x00007f4f7c91c000) (1024K)]
  0x00007f4f78131e70 WatcherThread "VM Periodic Task Thread"        [id=25809, stack(0x00007f4f7c91d000,0x00007f4f7ca1d000) (1024K)]
  0x00007f4f78082560 WorkerThread "GC Thread#0"                     [id=25802, stack(0x00007f4f7d343000,0x00007f4f7d443000) (1024K)]
  0x00007f4ef4006930 WorkerThread "GC Thread#1"                     [id=25823, stack(0x00007f4f06d00000,0x00007f4f06e00000) (1024K)]
  0x00007f4ef4007400 WorkerThread "GC Thread#2"                     [id=25824, stack(0x00007f4f06bff000,0x00007f4f06cff000) (1024K)]
  0x00007f4ef400f350 WorkerThread "GC Thread#3"                     [id=25825, stack(0x00007f4f06afe000,0x00007f4f06bfe000) (1024K)]
  0x00007f4f78093290 ConcurrentGCThread "G1 Main Marker"            [id=25803, stack(0x00007f4f7d242000,0x00007f4f7d342000) (1024K)]
  0x00007f4f78094230 WorkerThread "G1 Conc#0"                       [id=25804, stack(0x00007f4f7d141000,0x00007f4f7d241000) (1024K)]
  0x00007f4f781162d0 ConcurrentGCThread "G1 Refine#0"               [id=25805, stack(0x00007f4f7cc3c000,0x00007f4f7cd3c000) (1024K)]
  0x00007f4f78117280 ConcurrentGCThread "G1 Service"                [id=25806, stack(0x00007f4f7cb3b000,0x00007f4f7cc3b000) (1024K)]
Total: 10

Threads with active compile tasks:
C2 CompilerThread0  965 1346       4       java.util.Properties$LineReader::readLine (584 bytes)
C1 CompilerThread0  965 1343       3       java.lang.invoke.AbstractValidatingLambdaMetafactory::validateMetafactoryArgs (607 bytes)
Total: 2

VM state: not at safepoint (normal execution)

VM Mutex/Monitor currently owned by a thread:  ([mutex/lock_event])
[0x00007f4f7f9792d8] MethodCompileQueue_lock - owner thread: 0x00007f4f78155460
[0x00007f4f7f977f58] CodeCache_lock - owner thread: 0x00007f4f78155460
[0x00007f4f7f977dd8] Compile_lock - owner thread: 0x00007f4f78155460

Heap address: 0x0000000084600000, size: 1978 MB, Compressed Oops mode: 32-bit

CDS archive(s) mapped at: [0x00007f4f07000000-0x00007f4f07c99000-0x00007f4f07c99000), size 13209600, SharedBaseAddress: 0x00007f4f07000000, ArchiveRelocationMode: 1.
Compressed class space mapped at: 0x00007f4f08000000-0x00007f4f48000000, reserved size: 1073741824
Narrow klass base: 0x00007f4f07000000, Narrow klass shift: 0, Narrow klass range: 0x100000000

GC Precious Log:
 CardTable entry size: 512
 Card Set container configuration: InlinePtr #cards 5 size 8 Array Of Cards #cards 12 size 40 Howl #buckets 4 coarsen threshold 1843 Howl Bitmap #cards 512 size 80 coarsen threshold 460 Card regions per heap region 1 cards per card region 2048
 CPUs: 8 total, 4 available
 Memory: 7911M
 Large Page Support: Disabled
 NUMA Support: Disabled
 Compressed Oops: Enabled (32-bit)
 Heap Region Size: 1M
 Heap Min Capacity: 8M
 Heap Initial Capacity: 124M
 Heap Max Capacity: 1978M
 Pre-touch: Disabled
 Parallel Workers: 4
 Concurrent Workers: 1
 Concurrent Refinement Workers: 4
 Periodic GC: Disabled

Heap:
 garbage-first heap   total 129024K, used 10519K [0x0000000084600000, 0x0000000100000000)
  region size 1024K, 4 young (4096K), 2 survivors (2048K)
 Metaspace       used 7809K, committed 8064K, reserved 1114112K
  class space    used 920K, committed 1024K, reserved 1048576K

Heap Regions: E=young(eden), S=young(survivor), O=old, HS=humongous(starts), HC=humongous(continues), CS=collection set, F=free, TAMS=top-at-mark-start, PB=parsable bottom
|   0|0x0000000084600000, 0x0000000084700000, 0x0000000084700000|100%|HS|  |TAMS 0x0000000084600000| PB 0x0000000084600000| Complete 
|   1|0x0000000084700000, 0x0000000084800000, 0x0000000084800000|100%|HS|  |TAMS 0x0000000084700000| PB 0x0000000084700000| Complete 
|   2|0x0000000084800000, 0x0000000084900000, 0x0000000084900000|100%| O|  |TAMS 0x0000000084800000| PB 0x0000000084800000| Untracked 
|   3|0x0000000084900000, 0x0000000084a00000, 0x0000000084a00000|100%| O|  |TAMS 0x0000000084900000| PB 0x0000000084900000| Untracked 
|   4|0x0000000084a00000, 0x0000000084b00000, 0x0000000084b00000|100%| O|  |TAMS 0x0000000084a00000| PB 0x0000000084a00000| Untracked 
|   5|0x0000000084b00000, 0x0000000084c00000, 0x0000000084c00000|100%| O|  |TAMS 0x0000000084b00000| PB 0x0000000084b00000| Untracked 
|   6|0x0000000084c00000, 0x0000000084cb9130, 0x0000000084d00000| 72%| O|  |TAMS 0x0000000084c00000| PB 0x0000000084c00000| Untracked 
|   7|0x0000000084d00000, 0x0000000084d00000, 0x0000000084e00000|  0%| F|  |TAMS 0x0000000084d00000| PB 0x0000000084d00000| Untracked 
|   8|0x0000000084e00000, 0x0000000084e00000, 0x0000000084f00000|  0%| F|  |TAMS 0x0000000084e00000| PB 0x0000000084e00000| Untracked 
|   9|0x0000000084f00000, 0x0000000084f00000, 0x0000000085000000|  0%| F|  |TAMS 0x0000000084f00000| PB 0x0000000084f00000| Untracked 
|  10|0x0000000085000000, 0x0000000085000000, 0x0000000085100000|  0%| F|  |TAMS 0x0000000085000000| PB 0x0000000085000000| Untracked 
|  11|0x0000000085100000, 0x0000000085100000, 0x0000000085200000|  0%| F|  |TAMS 0x0000000085100000| PB 0x0000000085100000| Untracked 
|  12|0x0000000085200000, 0x0000000085200000, 0x0000000085300000|  0%| F|  |TAMS 0x0000000085200000| PB 0x0000000085200000| Untracked 
|  13|0x0000000085300000, 0x0000000085300000, 0x0000000085400000|  0%| F|  |TAMS 0x0000000085300000| PB 0x0000000085300000| Untracked 
|  14|0x0000000085400000, 0x0000000085400000, 0x0000000085500000|  0%| F|  |TAMS 0x0000000085400000| PB 0x0000000085400000| Untracked 
|  15|0x0000000085500000, 0x0000000085500000, 0x0000000085600000|  0%| F|  |TAMS 0x0000000085500000| PB 0x0000000085500000| Untracked 
|  16|0x0000000085600000, 0x0000000085600000, 0x0000000085700000|  0%| F|  |TAMS 0x0000000085600000| PB 0x0000000085600000| Untracked 
|  17|0x0000000085700000, 0x0000000085700000, 0x0000000085800000|  0%| F|  |TAMS 0x0000000085700000| PB 0x0000000085700000| Untracked 
|  18|0x0000000085800000, 0x0000000085800000, 0x0000000085900000|  0%| F|  |TAMS 0x0000000085800000| PB 0x0000000085800000| Untracked 
|  19|0x0000000085900000, 0x0000000085900000, 0x0000000085a00000|  0%| F|  |TAMS 0x0000000085900000| PB 0x0000000085900000| Untracked 
|  20|0x0000000085a00000, 0x0000000085a00000, 0x0000000085b00000|  0%| F|  |TAMS 0x0000000085a00000| PB 0x0000000085a00000| Untracked 
|  21|0x0000000085b00000, 0x0000000085b00000, 0x0000000085c00000|  0%| F|  |TAMS 0x0000000085b00000| PB 0x0000000085b00000| Untracked 
|  22|0x0000000085c00000, 0x0000000085c00000, 0x0000000085d00000|  0%| F|  |TAMS 0x0000000085c00000| PB 0x0000000085c00000| Untracked 
|  23|0x0000000085d00000, 0x0000000085d00000, 0x0000000085e00000|  0%| F|  |TAMS 0x0000000085d00000| PB 0x0000000085d00000| Untracked 
|  24|0x0000000085e00000, 0x0000000085e00000, 0x0000000085f00000|  0%| F|  |TAMS 0x0000000085e00000| PB 0x0000000085e00000| Untracked 
|  25|0x0000000085f00000, 0x0000000085f00000, 0x0000000086000000|  0%| F|  |TAMS 0x0000000085f00000| PB 0x0000000085f00000| Untracked 
|  26|0x0000000086000000, 0x0000000086000000, 0x0000000086100000|  0%| F|  |TAMS 0x0000000086000000| PB 0x0000000086000000| Untracked 
|  27|0x0000000086100000, 0x0000000086100000, 0x0000000086200000|  0%| F|  |TAMS 0x0000000086100000| PB 0x0000000086100000| Untracked 
|  28|0x0000000086200000, 0x0000000086200000, 0x0000000086300000|  0%| F|  |TAMS 0x0000000086200000| PB 0x0000000086200000| Untracked 
|  29|0x0000000086300000, 0x0000000086300000, 0x0000000086400000|  0%| F|  |TAMS 0x0000000086300000| PB 0x0000000086300000| Untracked 
|  30|0x0000000086400000, 0x0000000086400000, 0x0000000086500000|  0%| F|  |TAMS 0x0000000086400000| PB 0x0000000086400000| Untracked 
|  31|0x0000000086500000, 0x0000000086500000, 0x0000000086600000|  0%| F|  |TAMS 0x0000000086500000| PB 0x0000000086500000| Untracked 
|  32|0x0000000086600000, 0x0000000086600000, 0x0000000086700000|  0%| F|  |TAMS 0x0000000086600000| PB 0x0000000086600000| Untracked 
|  33|0x0000000086700000, 0x0000000086700000, 0x0000000086800000|  0%| F|  |TAMS 0x0000000086700000| PB 0x0000000086700000| Untracked 
|  34|0x0000000086800000, 0x0000000086800000, 0x0000000086900000|  0%| F|  |TAMS 0x0000000086800000| PB 0x0000000086800000| Untracked 
|  35|0x0000000086900000, 0x0000000086900000, 0x0000000086a00000|  0%| F|  |TAMS 0x0000000086900000| PB 0x0000000086900000| Untracked 
|  36|0x0000000086a00000, 0x0000000086a00000, 0x0000000086b00000|  0%| F|  |TAMS 0x0000000086a00000| PB 0x0000000086a00000| Untracked 
|  37|0x0000000086b00000, 0x0000000086b00000, 0x0000000086c00000|  0%| F|  |TAMS 0x0000000086b00000| PB 0x0000000086b00000| Untracked 
|  38|0x0000000086c00000, 0x0000000086c00000, 0x0000000086d00000|  0%| F|  |TAMS 0x0000000086c00000| PB 0x0000000086c00000| Untracked 
|  39|0x0000000086d00000, 0x0000000086d00000, 0x0000000086e00000|  0%| F|  |TAMS 0x0000000086d00000| PB 0x0000000086d00000| Untracked 
|  40|0x0000000086e00000, 0x0000000086e00000, 0x0000000086f00000|  0%| F|  |TAMS 0x0000000086e00000| PB 0x0000000086e00000| Untracked 
|  41|0x0000000086f00000, 0x0000000086f00000, 0x0000000087000000|  0%| F|  |TAMS 0x0000000086f00000| PB 0x0000000086f00000| Untracked 
|  42|0x0000000087000000, 0x0000000087000000, 0x0000000087100000|  0%| F|  |TAMS 0x0000000087000000| PB 0x0000000087000000| Untracked 
|  43|0x0000000087100000, 0x0000000087100000, 0x0000000087200000|  0%| F|  |TAMS 0x0000000087100000| PB 0x0000000087100000| Untracked 
|  44|0x0000000087200000, 0x0000000087200000, 0x0000000087300000|  0%| F|  |TAMS 0x0000000087200000| PB 0x0000000087200000| Untracked 
|  45|0x0000000087300000, 0x0000000087300000, 0x0000000087400000|  0%| F|  |TAMS 0x0000000087300000| PB 0x0000000087300000| Untracked 
|  46|0x0000000087400000, 0x0000000087400000, 0x0000000087500000|  0%| F|  |TAMS 0x0000000087400000| PB 0x0000000087400000| Untracked 
|  47|0x0000000087500000, 0x0000000087500000, 0x0000000087600000|  0%| F|  |TAMS 0x0000000087500000| PB 0x0000000087500000| Untracked 
|  48|0x0000000087600000, 0x0000000087600000, 0x0000000087700000|  0%| F|  |TAMS 0x0000000087600000| PB 0x0000000087600000| Untracked 
|  49|0x0000000087700000, 0x0000000087700000, 0x0000000087800000|  0%| F|  |TAMS 0x0000000087700000| PB 0x0000000087700000| Untracked 
|  50|0x0000000087800000, 0x0000000087800000, 0x0000000087900000|  0%| F|  |TAMS 0x0000000087800000| PB 0x0000000087800000| Untracked 
|  51|0x0000000087900000, 0x0000000087900000, 0x0000000087a00000|  0%| F|  |TAMS 0x0000000087900000| PB 0x0000000087900000| Untracked 
|  52|0x0000000087a00000, 0x0000000087a00000, 0x0000000087b00000|  0%| F|  |TAMS 0x0000000087a00000| PB 0x0000000087a00000| Untracked 
|  53|0x0000000087b00000, 0x0000000087b00000, 0x0000000087c00000|  0%| F|  |TAMS 0x0000000087b00000| PB 0x0000000087b00000| Untracked 
|  54|0x0000000087c00000, 0x0000000087c00000, 0x0000000087d00000|  0%| F|  |TAMS 0x0000000087c00000| PB 0x0000000087c00000| Untracked 
|  55|0x0000000087d00000, 0x0000000087d00000, 0x0000000087e00000|  0%| F|  |TAMS 0x0000000087d00000| PB 0x0000000087d00000| Untracked 
|  56|0x0000000087e00000, 0x0000000087e00000, 0x0000000087f00000|  0%| F|  |TAMS 0x0000000087e00000| PB 0x0000000087e00000| Untracked 
|  57|0x0000000087f00000, 0x0000000087f00000, 0x0000000088000000|  0%| F|  |TAMS 0x0000000087f00000| PB 0x0000000087f00000| Untracked 
|  58|0x0000000088000000, 0x0000000088000000, 0x0000000088100000|  0%| F|  |TAMS 0x0000000088000000| PB 0x0000000088000000| Untracked 
|  59|0x0000000088100000, 0x0000000088100000, 0x0000000088200000|  0%| F|  |TAMS 0x0000000088100000| PB 0x0000000088100000| Untracked 
|  60|0x0000000088200000, 0x0000000088200000, 0x0000000088300000|  0%| F|  |TAMS 0x0000000088200000| PB 0x0000000088200000| Untracked 
|  61|0x0000000088300000, 0x0000000088300000, 0x0000000088400000|  0%| F|  |TAMS 0x0000000088300000| PB 0x0000000088300000| Untracked 
|  62|0x0000000088400000, 0x0000000088400000, 0x0000000088500000|  0%| F|  |TAMS 0x0000000088400000| PB 0x0000000088400000| Untracked 
|  63|0x0000000088500000, 0x0000000088500000, 0x0000000088600000|  0%| F|  |TAMS 0x0000000088500000| PB 0x0000000088500000| Untracked 
|  64|0x0000000088600000, 0x0000000088600000, 0x0000000088700000|  0%| F|  |TAMS 0x0000000088600000| PB 0x0000000088600000| Untracked 
|  65|0x0000000088700000, 0x0000000088700000, 0x0000000088800000|  0%| F|  |TAMS 0x0000000088700000| PB 0x0000000088700000| Untracked 
|  66|0x0000000088800000, 0x0000000088800000, 0x0000000088900000|  0%| F|  |TAMS 0x0000000088800000| PB 0x0000000088800000| Untracked 
|  67|0x0000000088900000, 0x0000000088900000, 0x0000000088a00000|  0%| F|  |TAMS 0x0000000088900000| PB 0x0000000088900000| Untracked 
|  68|0x0000000088a00000, 0x0000000088a00000, 0x0000000088b00000|  0%| F|  |TAMS 0x0000000088a00000| PB 0x0000000088a00000| Untracked 
|  69|0x0000000088b00000, 0x0000000088b00000, 0x0000000088c00000|  0%| F|  |TAMS 0x0000000088b00000| PB 0x0000000088b00000| Untracked 
|  70|0x0000000088c00000, 0x0000000088c00000, 0x0000000088d00000|  0%| F|  |TAMS 0x0000000088c00000| PB 0x0000000088c00000| Untracked 
|  71|0x0000000088d00000, 0x0000000088d00000, 0x0000000088e00000|  0%| F|  |TAMS 0x0000000088d00000| PB 0x0000000088d00000| Untracked 
|  72|0x0000000088e00000, 0x0000000088e00000, 0x0000000088f00000|  0%| F|  |TAMS 0x0000000088e00000| PB 0x0000000088e00000| Untracked 
|  73|0x0000000088f00000, 0x0000000088f00000, 0x0000000089000000|  0%| F|  |TAMS 0x0000000088f00000| PB 0x0000000088f00000| Untracked 
|  74|0x0000000089000000, 0x0000000089000000, 0x0000000089100000|  0%| F|  |TAMS 0x0000000089000000| PB 0x0000000089000000| Untracked 
|  75|0x0000000089100000, 0x0000000089100000, 0x0000000089200000|  0%| F|  |TAMS 0x0000000089100000| PB 0x0000000089100000| Untracked 
|  76|0x0000000089200000, 0x0000000089200000, 0x0000000089300000|  0%| F|  |TAMS 0x0000000089200000| PB 0x0000000089200000| Untracked 
|  77|0x0000000089300000, 0x0000000089300000, 0x0000000089400000|  0%| F|  |TAMS 0x0000000089300000| PB 0x0000000089300000| Untracked 
|  78|0x0000000089400000, 0x0000000089400000, 0x0000000089500000|  0%| F|  |TAMS 0x0000000089400000| PB 0x0000000089400000| Untracked 
|  79|0x0000000089500000, 0x0000000089500000, 0x0000000089600000|  0%| F|  |TAMS 0x0000000089500000| PB 0x0000000089500000| Untracked 
|  80|0x0000000089600000, 0x0000000089600000, 0x0000000089700000|  0%| F|  |TAMS 0x0000000089600000| PB 0x0000000089600000| Untracked 
|  81|0x0000000089700000, 0x0000000089700000, 0x0000000089800000|  0%| F|  |TAMS 0x0000000089700000| PB 0x0000000089700000| Untracked 
|  82|0x0000000089800000, 0x0000000089800000, 0x0000000089900000|  0%| F|  |TAMS 0x0000000089800000| PB 0x0000000089800000| Untracked 
|  83|0x0000000089900000, 0x0000000089900000, 0x0000000089a00000|  0%| F|  |TAMS 0x0000000089900000| PB 0x0000000089900000| Untracked 
|  84|0x0000000089a00000, 0x0000000089a00000, 0x0000000089b00000|  0%| F|  |TAMS 0x0000000089a00000| PB 0x0000000089a00000| Untracked 
|  85|0x0000000089b00000, 0x0000000089b00000, 0x0000000089c00000|  0%| F|  |TAMS 0x0000000089b00000| PB 0x0000000089b00000| Untracked 
|  86|0x0000000089c00000, 0x0000000089c00000, 0x0000000089d00000|  0%| F|  |TAMS 0x0000000089c00000| PB 0x0000000089c00000| Untracked 
|  87|0x0000000089d00000, 0x0000000089d00000, 0x0000000089e00000|  0%| F|  |TAMS 0x0000000089d00000| PB 0x0000000089d00000| Untracked 
|  88|0x0000000089e00000, 0x0000000089e00000, 0x0000000089f00000|  0%| F|  |TAMS 0x0000000089e00000| PB 0x0000000089e00000| Untracked 
|  89|0x0000000089f00000, 0x0000000089f00000, 0x000000008a000000|  0%| F|  |TAMS 0x0000000089f00000| PB 0x0000000089f00000| Untracked 
|  90|0x000000008a000000, 0x000000008a000000, 0x000000008a100000|  0%| F|  |TAMS 0x000000008a000000| PB 0x000000008a000000| Untracked 
|  91|0x000000008a100000, 0x000000008a100000, 0x000000008a200000|  0%| F|  |TAMS 0x000000008a100000| PB 0x000000008a100000| Untracked 
|  92|0x000000008a200000, 0x000000008a200000, 0x000000008a300000|  0%| F|  |TAMS 0x000000008a200000| PB 0x000000008a200000| Untracked 
|  93|0x000000008a300000, 0x000000008a300000, 0x000000008a400000|  0%| F|  |TAMS 0x000000008a300000| PB 0x000000008a300000| Untracked 
|  94|0x000000008a400000, 0x000000008a400000, 0x000000008a500000|  0%| F|  |TAMS 0x000000008a400000| PB 0x000000008a400000| Untracked 
|  95|0x000000008a500000, 0x000000008a500000, 0x000000008a600000|  0%| F|  |TAMS 0x000000008a500000| PB 0x000000008a500000| Untracked 
|  96|0x000000008a600000, 0x000000008a600000, 0x000000008a700000|  0%| F|  |TAMS 0x000000008a600000| PB 0x000000008a600000| Untracked 
|  97|0x000000008a700000, 0x000000008a700000, 0x000000008a800000|  0%| F|  |TAMS 0x000000008a700000| PB 0x000000008a700000| Untracked 
|  98|0x000000008a800000, 0x000000008a800000, 0x000000008a900000|  0%| F|  |TAMS 0x000000008a800000| PB 0x000000008a800000| Untracked 
|  99|0x000000008a900000, 0x000000008a900000, 0x000000008aa00000|  0%| F|  |TAMS 0x000000008a900000| PB 0x000000008a900000| Untracked 
| 100|0x000000008aa00000, 0x000000008aa00000, 0x000000008ab00000|  0%| F|  |TAMS 0x000000008aa00000| PB 0x000000008aa00000| Untracked 
| 101|0x000000008ab00000, 0x000000008ab00000, 0x000000008ac00000|  0%| F|  |TAMS 0x000000008ab00000| PB 0x000000008ab00000| Untracked 
| 102|0x000000008ac00000, 0x000000008ac00000, 0x000000008ad00000|  0%| F|  |TAMS 0x000000008ac00000| PB 0x000000008ac00000| Untracked 
| 103|0x000000008ad00000, 0x000000008ad00000, 0x000000008ae00000|  0%| F|  |TAMS 0x000000008ad00000| PB 0x000000008ad00000| Untracked 
| 104|0x000000008ae00000, 0x000000008ae00000, 0x000000008af00000|  0%| F|  |TAMS 0x000000008ae00000| PB 0x000000008ae00000| Untracked 
| 105|0x000000008af00000, 0x000000008af80040, 0x000000008b000000| 50%| S|CS|TAMS 0x000000008af00000| PB 0x000000008af00000| Complete 
| 106|0x000000008b000000, 0x000000008b100000, 0x000000008b100000|100%| S|CS|TAMS 0x000000008b000000| PB 0x000000008b000000| Complete 
| 107|0x000000008b100000, 0x000000008b100000, 0x000000008b200000|  0%| F|  |TAMS 0x000000008b100000| PB 0x000000008b100000| Untracked 
| 108|0x000000008b200000, 0x000000008b200000, 0x000000008b300000|  0%| F|  |TAMS 0x000000008b200000| PB 0x000000008b200000| Untracked 
| 109|0x000000008b300000, 0x000000008b300000, 0x000000008b400000|  0%| F|  |TAMS 0x000000008b300000| PB 0x000000008b300000| Untracked 
| 110|0x000000008b400000, 0x000000008b400000, 0x000000008b500000|  0%| F|  |TAMS 0x000000008b400000| PB 0x000000008b400000| Untracked 
| 111|0x000000008b500000, 0x000000008b500000, 0x000000008b600000|  0%| F|  |TAMS 0x000000008b500000| PB 0x000000008b500000| Untracked 
| 112|0x000000008b600000, 0x000000008b600000, 0x000000008b700000|  0%| F|  |TAMS 0x000000008b600000| PB 0x000000008b600000| Untracked 
| 113|0x000000008b700000, 0x000000008b700000, 0x000000008b800000|  0%| F|  |TAMS 0x000000008b700000| PB 0x000000008b700000| Untracked 
| 114|0x000000008b800000, 0x000000008b800000, 0x000000008b900000|  0%| F|  |TAMS 0x000000008b800000| PB 0x000000008b800000| Untracked 
| 115|0x000000008b900000, 0x000000008b900000, 0x000000008ba00000|  0%| F|  |TAMS 0x000000008b900000| PB 0x000000008b900000| Untracked 
| 116|0x000000008ba00000, 0x000000008ba00000, 0x000000008bb00000|  0%| F|  |TAMS 0x000000008ba00000| PB 0x000000008ba00000| Untracked 
| 117|0x000000008bb00000, 0x000000008bb00000, 0x000000008bc00000|  0%| F|  |TAMS 0x000000008bb00000| PB 0x000000008bb00000| Untracked 
| 118|0x000000008bc00000, 0x000000008bc00000, 0x000000008bd00000|  0%| F|  |TAMS 0x000000008bc00000| PB 0x000000008bc00000| Untracked 
| 119|0x000000008bd00000, 0x000000008bd00000, 0x000000008be00000|  0%| F|  |TAMS 0x000000008bd00000| PB 0x000000008bd00000| Untracked 
| 120|0x000000008be00000, 0x000000008be00000, 0x000000008bf00000|  0%| F|  |TAMS 0x000000008be00000| PB 0x000000008be00000| Untracked 
| 121|0x000000008bf00000, 0x000000008bf00000, 0x000000008c000000|  0%| F|  |TAMS 0x000000008bf00000| PB 0x000000008bf00000| Untracked 
| 122|0x000000008c000000, 0x000000008c018fa0, 0x000000008c100000|  9%| E|  |TAMS 0x000000008c000000| PB 0x000000008c000000| Complete 
| 123|0x000000008c100000, 0x000000008c200000, 0x000000008c200000|100%| E|CS|TAMS 0x000000008c100000| PB 0x000000008c100000| Complete 
|1976|0x00000000ffe00000, 0x00000000fff00000, 0x00000000fff00000|100%| O|  |TAMS 0x00000000ffe00000| PB 0x00000000ffe00000| Untracked 
|1977|0x00000000fff00000, 0x00000000fff0ccd8, 0x0000000100000000|  5%| O|  |TAMS 0x00000000fff00000| PB 0x00000000fff00000| Untracked 

Card table byte_map: [0x00007f4f7d485000,0x00007f4f7d862000] _byte_map_base: 0x00007f4f7d062000

Marking Bits: (CMBitMap*) 0x00007f4f78083080
 Bits: [0x00007f4f5e318000, 0x00007f4f60200000)

Polling page: 0x00007f4f7fc2f000

Metaspace:

Usage:
  Non-class:      6,73 MB used.
      Class:    920,38 KB used.
       Both:      7,63 MB used.

Virtual space:
  Non-class space:       64,00 MB reserved,       6,88 MB ( 11%) committed,  1 nodes.
      Class space:        1,00 GB reserved,       1,00 MB ( <1%) committed,  1 nodes.
             Both:        1,06 GB reserved,       7,88 MB ( <1%) committed. 

Chunk freelists:
   Non-Class:  8,42 MB
       Class:  14,98 MB
        Both:  23,40 MB

MaxMetaspaceSize: unlimited
CompressedClassSpaceSize: 1,00 GB
Initial GC threshold: 21,00 MB
Current GC threshold: 21,00 MB
CDS: on
 - commit_granule_bytes: 65536.
 - commit_granule_words: 8192.
 - virtual_space_node_default_size: 8388608.
 - enlarge_chunks_in_place: 1.
 - use_allocation_guard: 0.


Internal statistics:

num_allocs_failed_limit: 0.
num_arena_births: 154.
num_arena_deaths: 0.
num_vsnodes_births: 2.
num_vsnodes_deaths: 0.
num_space_committed: 126.
num_space_uncommitted: 0.
num_chunks_returned_to_freelist: 0.
num_chunks_taken_from_freelist: 402.
num_chunk_merges: 0.
num_chunk_splits: 229.
num_chunks_enlarged: 160.
num_inconsistent_stats: 0.

CodeHeap 'non-profiled nmethods': size=120032Kb used=464Kb max_used=464Kb free=119567Kb
 bounds [0x00007f4f67cc8000, 0x00007f4f67f38000, 0x00007f4f6f200000]
CodeHeap 'profiled nmethods': size=120028Kb used=2504Kb max_used=2504Kb free=117523Kb
 bounds [0x00007f4f60200000, 0x00007f4f60480000, 0x00007f4f67737000]
CodeHeap 'non-nmethods': size=5700Kb used=1359Kb max_used=1374Kb free=4340Kb
 bounds [0x00007f4f67737000, 0x00007f4f679a7000, 0x00007f4f67cc8000]
 total_blobs=1818 nmethods=1340 adapters=384
 compilation: enabled
              stopped_count=0, restarted_count=0
 full_count=0

Compilation events (20 events):
Event: 0,916 Thread 0x00007f4f78155460 1326       3       java.lang.ClassLoader::getDefinedPackage (36 bytes)
Event: 0,916 Thread 0x00007f4f78155460 nmethod 1326 0x00007f4f60463f10 code [0x00007f4f60464100, 0x00007f4f60464670]
Event: 0,916 Thread 0x00007f4f78155460 1327       3       java.util.zip.CRC32::<init> (5 bytes)
Event: 0,917 Thread 0x00007f4f78155460 nmethod 1327 0x00007f4f60464890 code [0x00007f4f60464a20, 0x00007f4f60464b80]
Event: 0,917 Thread 0x00007f4f78155460 1328       3       java.util.zip.CRC32::getValue (10 bytes)
Event: 0,917 Thread 0x00007f4f78155460 nmethod 1328 0x00007f4f60464c10 code [0x00007f4f60464da0, 0x00007f4f60464eb8]
Event: 0,917 Thread 0x00007f4f78155460 1329       3       jdk.internal.loader.URLClassPath$JarLoader$2::getInputStream (15 bytes)
Event: 0,917 Thread 0x00007f4f78155460 nmethod 1329 0x00007f4f60464f90 code [0x00007f4f60465140, 0x00007f4f60465310]
Event: 0,917 Thread 0x00007f4f78155460 1330       3       jdk.internal.loader.URLClassPath$JarLoader$2::getBytes (48 bytes)
Event: 0,917 Thread 0x00007f4f78155460 nmethod 1330 0x00007f4f60465410 code [0x00007f4f60465600, 0x00007f4f60465d10]
Event: 0,917 Thread 0x00007f4f78155460 1331       3       jdk.internal.loader.URLClassPath$JarLoader$2::getContentLength (9 bytes)
Event: 0,917 Thread 0x00007f4f78155460 nmethod 1331 0x00007f4f60465f90 code [0x00007f4f60466120, 0x00007f4f604662d0]
Event: 0,917 Thread 0x00007f4f78155460 1332       3       jdk.internal.loader.URLClassPath$JarLoader$2::getCodeSigners (8 bytes)
Event: 0,917 Thread 0x00007f4f78155460 nmethod 1332 0x00007f4f60466390 code [0x00007f4f60466540, 0x00007f4f60466710]
Event: 0,918 Thread 0x00007f4f78153db0 1339       4       java.lang.AbstractStringBuilder::append (77 bytes)
Event: 0,919 Thread 0x00007f4f78155460 1340       3       java.lang.ref.ReferenceQueue::<init> (32 bytes)
Event: 0,919 Thread 0x00007f4f78155460 nmethod 1340 0x00007f4f60466810 code [0x00007f4f60466a20, 0x00007f4f604672a8]
Event: 0,920 Thread 0x00007f4f78155460 1343       3       java.lang.invoke.AbstractValidatingLambdaMetafactory::validateMetafactoryArgs (607 bytes)
Event: 0,925 Thread 0x00007f4f78153db0 nmethod 1339 0x00007f4f67d3b890 code [0x00007f4f67d3ba60, 0x00007f4f67d3c0b0]
Event: 0,925 Thread 0x00007f4f78153db0 1346       4       java.util.Properties$LineReader::readLine (584 bytes)

GC Heap History (4 events):
Event: 0,427 GC heap before
{Heap before GC invocations=0 (full 0):
 garbage-first heap   total 129024K, used 15411K [0x0000000084600000, 0x0000000100000000)
  region size 1024K, 13 young (13312K), 0 survivors (0K)
 Metaspace       used 2988K, committed 3136K, reserved 1114112K
  class space    used 294K, committed 320K, reserved 1048576K
}
Event: 0,432 GC heap after
{Heap after GC invocations=1 (full 0):
 garbage-first heap   total 129024K, used 7883K [0x0000000084600000, 0x0000000100000000)
  region size 1024K, 2 young (2048K), 2 survivors (2048K)
 Metaspace       used 2988K, committed 3136K, reserved 1114112K
  class space    used 294K, committed 320K, reserved 1048576K
}
Event: 0,901 GC heap before
{Heap before GC invocations=1 (full 0):
 garbage-first heap   total 129024K, used 23243K [0x0000000084600000, 0x0000000100000000)
  region size 1024K, 17 young (17408K), 2 survivors (2048K)
 Metaspace       used 7648K, committed 7808K, reserved 1114112K
  class space    used 899K, committed 960K, reserved 1048576K
}
Event: 0,906 GC heap after
{Heap after GC invocations=2 (full 0):
 garbage-first heap   total 129024K, used 9495K [0x0000000084600000, 0x0000000100000000)
  region size 1024K, 2 young (2048K), 2 survivors (2048K)
 Metaspace       used 7648K, committed 7808K, reserved 1114112K
  class space    used 899K, committed 960K, reserved 1048576K
}

Dll operation events (9 events):
Event: 0,002 Loaded shared library /usr/lib/jvm/java-21-openjdk-21.0.5.0.11-1.fc40.x86_64/lib/libjava.so
Event: 0,038 Loaded shared library /usr/lib/jvm/java-21-openjdk-21.0.5.0.11-1.fc40.x86_64/lib/libjsvml.so
Event: 0,046 Loaded shared library /usr/lib/jvm/java-21-openjdk-21.0.5.0.11-1.fc40.x86_64/lib/libnio.so
Event: 0,048 Loaded shared library /usr/lib/jvm/java-21-openjdk-21.0.5.0.11-1.fc40.x86_64/lib/libzip.so
Event: 0,118 Loaded shared library /usr/lib/jvm/java-21-openjdk-21.0.5.0.11-1.fc40.x86_64/lib/libmanagement.so
Event: 0,121 Loaded shared library /usr/lib/jvm/java-21-openjdk-21.0.5.0.11-1.fc40.x86_64/lib/libsystemconf.so
Event: 0,125 Loaded shared library /usr/lib/jvm/java-21-openjdk-21.0.5.0.11-1.fc40.x86_64/lib/libmanagement_ext.so
Event: 0,147 Loaded shared library /usr/lib/jvm/java-21-openjdk-21.0.5.0.11-1.fc40.x86_64/lib/libjimage.so
Event: 0,800 Loaded shared library /usr/lib/jvm/java-21-openjdk-21.0.5.0.11-1.fc40.x86_64/lib/libnet.so

Deoptimization events (20 events):
Event: 0,813 Thread 0x00007f4f7802b130 DEOPT PACKING pc=0x00007f4f67cd3e14 sp=0x00007f4f7e313dc0
Event: 0,814 Thread 0x00007f4f7802b130 DEOPT UNPACKING pc=0x00007f4f6778af99 sp=0x00007f4f7e313d60 mode 2
Event: 0,819 Thread 0x00007f4f7802b130 Uncommon trap: trap_request=0xffffff45 fr.pc=0x00007f4f67d0cd88 relative=0x00000000000002c8
Event: 0,819 Thread 0x00007f4f7802b130 Uncommon trap: reason=unstable_if action=reinterpret pc=0x00007f4f67d0cd88 method=jdk.internal.util.ArraysSupport.mismatch([BI[BII)I @ 55 c2
Event: 0,819 Thread 0x00007f4f7802b130 DEOPT PACKING pc=0x00007f4f67d0cd88 sp=0x00007f4f7e3140e0
Event: 0,819 Thread 0x00007f4f7802b130 DEOPT UNPACKING pc=0x00007f4f6778af99 sp=0x00007f4f7e313fd8 mode 2
Event: 0,901 Thread 0x00007f4f7802b130 DEOPT PACKING pc=0x00007f4f60419f19 sp=0x00007f4f7e310f00
Event: 0,901 Thread 0x00007f4f7802b130 DEOPT UNPACKING pc=0x00007f4f6778b72f sp=0x00007f4f7e3103b8 mode 0
Event: 0,906 Thread 0x00007f4f7814c890 Uncommon trap: trap_request=0xffffff45 fr.pc=0x00007f4f67d28774 relative=0x0000000000000154
Event: 0,906 Thread 0x00007f4f7814c890 Uncommon trap: reason=unstable_if action=reinterpret pc=0x00007f4f67d28774 method=java.util.concurrent.locks.ReentrantLock$NonfairSync.initialTryLock()Z @ 10 c2
Event: 0,906 Thread 0x00007f4f7814c890 DEOPT PACKING pc=0x00007f4f67d28774 sp=0x00007f4f7c8197e0
Event: 0,906 Thread 0x00007f4f7814c890 DEOPT UNPACKING pc=0x00007f4f6778af99 sp=0x00007f4f7c819788 mode 2
Event: 0,908 Thread 0x00007f4f7802b130 Uncommon trap: trap_request=0xffffff45 fr.pc=0x00007f4f67d24bd4 relative=0x0000000000000294
Event: 0,908 Thread 0x00007f4f7802b130 Uncommon trap: reason=unstable_if action=reinterpret pc=0x00007f4f67d24bd4 method=java.util.concurrent.ConcurrentHashMap.get(Ljava/lang/Object;)Ljava/lang/Object; @ 76 c2
Event: 0,908 Thread 0x00007f4f7802b130 DEOPT PACKING pc=0x00007f4f67d24bd4 sp=0x00007f4f7e313c50
Event: 0,908 Thread 0x00007f4f7802b130 DEOPT UNPACKING pc=0x00007f4f6778af99 sp=0x00007f4f7e313bd8 mode 2
Event: 0,922 Thread 0x00007f4f7802b130 DEOPT PACKING pc=0x00007f4f6022a691 sp=0x00007f4f7e314ed0
Event: 0,922 Thread 0x00007f4f7802b130 DEOPT UNPACKING pc=0x00007f4f6778b72f sp=0x00007f4f7e3143e8 mode 0
Event: 0,924 Thread 0x00007f4f7802b130 DEOPT PACKING pc=0x00007f4f6022a691 sp=0x00007f4f7e314ed0
Event: 0,925 Thread 0x00007f4f7802b130 DEOPT UNPACKING pc=0x00007f4f6778b72f sp=0x00007f4f7e3143e8 mode 0

Classes loaded (20 events):
Event: 0,884 Loading class java/lang/IllegalAccessError
Event: 0,884 Loading class java/lang/IllegalAccessError done
Event: 0,884 Loading class java/util/IdentityHashMap$EntrySet
Event: 0,885 Loading class java/util/IdentityHashMap$EntrySet done
Event: 0,885 Loading class java/util/IdentityHashMap$EntryIterator
Event: 0,885 Loading class java/util/IdentityHashMap$EntryIterator done
Event: 0,885 Loading class java/util/IdentityHashMap$EntryIterator$Entry
Event: 0,885 Loading class java/util/IdentityHashMap$EntryIterator$Entry done
Event: 0,885 Loading class java/util/IdentityHashMap$ValueIterator
Event: 0,885 Loading class java/util/IdentityHashMap$ValueIterator done
Event: 0,917 Loading class java/nio/file/NoSuchFileException
Event: 0,917 Loading class java/nio/file/FileSystemException
Event: 0,917 Loading class java/nio/file/FileSystemException done
Event: 0,917 Loading class java/nio/file/NoSuchFileException done
Event: 0,918 Loading class java/net/HttpURLConnection
Event: 0,919 Loading class java/net/HttpURLConnection done
Event: 0,919 Loading class java/net/URLDecoder
Event: 0,919 Loading class java/net/URLDecoder done
Event: 0,925 Loading class java/util/ImmutableCollections$Access
Event: 0,925 Loading class java/util/ImmutableCollections$Access done

Classes unloaded (0 events):
No events

Classes redefined (0 events):
No events

Internal exceptions (20 events):
Event: 0,587 Thread 0x00007f4f7802b130 Exception <a 'java/lang/IncompatibleClassChangeError'{0x000000008bc506b8}: Found class java.lang.Object, but interface was expected> (0x000000008bc506b8) 
thrown [src/hotspot/share/interpreter/linkResolver.cpp, line 840]
Event: 0,593 Thread 0x00007f4f7802b130 Exception <a 'java/lang/IncompatibleClassChangeError'{0x000000008bc79b20}: Found class java.lang.Object, but interface was expected> (0x000000008bc79b20) 
thrown [src/hotspot/share/interpreter/linkResolver.cpp, line 840]
Event: 0,596 Thread 0x00007f4f7802b130 Exception <a 'java/lang/NoSuchMethodError'{0x000000008bc96e38}: 'java.lang.Object java.lang.invoke.DirectMethodHandle$Holder.invokeStatic(java.lang.Object, java.lang.Object, int)'> (0x000000008bc96e38) 
thrown [src/hotspot/share/interpreter/linkResolver.cpp, line 772]
Event: 0,606 Thread 0x00007f4f7802b130 Exception <a 'java/lang/NoSuchMethodError'{0x000000008bce5ad8}: 'void java.lang.invoke.DirectMethodHandle$Holder.invokeSpecial(java.lang.Object, java.lang.Object, java.lang.Object, java.lang.Object, java.lang.Object)'> (0x000000008bce5ad8) 
thrown [src/hotspot/share/interpreter/linkResolver.cpp, line 772]
Event: 0,619 Thread 0x00007f4f7802b130 Exception <a 'java/lang/NoSuchMethodError'{0x000000008bb40688}: 'long java.lang.invoke.DirectMethodHandle$Holder.invokeSpecial(java.lang.Object, java.lang.Object)'> (0x000000008bb40688) 
thrown [src/hotspot/share/interpreter/linkResolver.cpp, line 772]
Event: 0,619 Thread 0x00007f4f7802b130 Exception <a 'java/lang/NoSuchMethodError'{0x000000008bb43bd8}: 'long java.lang.invoke.Invokers$Holder.invokeExact_MT(java.lang.Object, java.lang.Object)'> (0x000000008bb43bd8) 
thrown [src/hotspot/share/interpreter/linkResolver.cpp, line 772]
Event: 0,660 Thread 0x00007f4f7802b130 Exception <a 'java/lang/NoSuchMethodError'{0x000000008bbf6300}: 'void java.lang.invoke.DirectMethodHandle$Holder.invokeInterface(java.lang.Object, java.lang.Object, java.lang.Object, java.lang.Object)'> (0x000000008bbf6300) 
thrown [src/hotspot/share/interpreter/linkResolver.cpp, line 772]
Event: 0,660 Thread 0x00007f4f7802b130 Exception <a 'java/lang/IncompatibleClassChangeError'{0x000000008bbf9968}: Found class java.lang.Object, but interface was expected> (0x000000008bbf9968) 
thrown [src/hotspot/share/interpreter/linkResolver.cpp, line 840]
Event: 0,663 Thread 0x00007f4f7802b130 Exception <a 'java/lang/NoSuchMethodError'{0x000000008ba1baa8}: 'void java.lang.invoke.DirectMethodHandle$Holder.invokeStatic(java.lang.Object, java.lang.Object, java.lang.Object, java.lang.Object)'> (0x000000008ba1baa8) 
thrown [src/hotspot/share/interpreter/linkResolver.cpp, line 772]
Event: 0,675 Thread 0x00007f4f7802b130 Exception <a 'java/lang/NoSuchMethodError'{0x000000008baaa3b0}: 'int java.lang.invoke.DirectMethodHandle$Holder.invokeStatic(java.lang.Object, java.lang.Object, java.lang.Object, java.lang.Object)'> (0x000000008baaa3b0) 
thrown [src/hotspot/share/interpreter/linkResolver.cpp, line 772]
Event: 0,675 Thread 0x00007f4f7802b130 Exception <a 'java/lang/NoSuchMethodError'{0x000000008baadcd0}: 'java.lang.Object java.lang.invoke.Invokers$Holder.invokeExact_MT(java.lang.Object, java.lang.Object, java.lang.Object, java.lang.Object, java.lang.Object, java.lang.Object)'> (0x000000008baadcd0) 
thrown [src/hotspot/share/interpreter/linkResolver.cpp, line 772]
Event: 0,676 Thread 0x00007f4f7802b130 Exception <a 'java/lang/NoSuchMethodError'{0x000000008babb738}: 'int java.lang.invoke.DirectMethodHandle$Holder.invokeStatic(java.lang.Object, java.lang.Object, java.lang.Object, java.lang.Object, java.lang.Object)'> (0x000000008babb738) 
thrown [src/hotspot/share/interpreter/linkResolver.cpp, line 772]
Event: 0,685 Thread 0x00007f4f7802b130 Exception <a 'java/lang/NoSuchMethodError'{0x000000008b909bb0}: 'void java.lang.invoke.DirectMethodHandle$Holder.invokeStaticInit(java.lang.Object)'> (0x000000008b909bb0) 
thrown [src/hotspot/share/interpreter/linkResolver.cpp, line 772]
Event: 0,699 Thread 0x00007f4f7802b130 Exception <a 'java/lang/NoSuchMethodError'{0x000000008b9d1370}: 'void java.lang.invoke.DirectMethodHandle$Holder.invokeStaticInit(java.lang.Object, java.lang.Object, java.lang.Object, java.lang.Object)'> (0x000000008b9d1370) 
thrown [src/hotspot/share/interpreter/linkResolver.cpp, line 772]
Event: 0,709 Thread 0x00007f4f7802b130 Exception <a 'java/lang/NoSuchMethodError'{0x000000008b84a0c8}: 'int java.lang.invoke.DirectMethodHandle$Holder.invokeStaticInit(java.lang.Object, java.lang.Object)'> (0x000000008b84a0c8) 
thrown [src/hotspot/share/interpreter/linkResolver.cpp, line 772]
Event: 0,756 Thread 0x00007f4f7802b130 Exception <a 'java/lang/NoSuchMethodError'{0x000000008b7c5e60}: 'void java.lang.invoke.DirectMethodHandle$Holder.invokeStatic(java.lang.Object, java.lang.Object)'> (0x000000008b7c5e60) 
thrown [src/hotspot/share/interpreter/linkResolver.cpp, line 772]
Event: 0,816 Thread 0x00007f4f7802b130 Exception <a 'java/lang/ClassNotFoundException'{0x000000008b53e2b0}: javax/smartcardio/CardPermission> (0x000000008b53e2b0) 
thrown [src/hotspot/share/classfile/systemDictionary.cpp, line 312]
Event: 0,819 Thread 0x00007f4f7802b130 Exception <a 'java/io/FileNotFoundException'{0x000000008b54c188}> (0x000000008b54c188) 
thrown [src/hotspot/share/prims/jni.cpp, line 520]
Event: 0,838 Thread 0x00007f4f7802b130 Exception <a 'java/lang/NoSuchMethodError'{0x000000008b5d8298}: 'java.lang.Object java.lang.invoke.DirectMethodHandle$Holder.invokeSpecial(java.lang.Object, java.lang.Object, java.lang.Object, long, java.lang.Object)'> (0x000000008b5d8298) 
thrown [src/hotspot/share/interpreter/linkResolver.cpp, line 772]
Event: 0,839 Thread 0x00007f4f7802b130 Exception <a 'java/lang/NoSuchMethodError'{0x000000008b5dbeb8}: 'java.lang.Object java.lang.invoke.Invokers$Holder.linkToTargetMethod(java.lang.Object, long, java.lang.Object, java.lang.Object)'> (0x000000008b5dbeb8) 
thrown [src/hotspot/share/interpreter/linkResolver.cpp, line 772]

ZGC Phase Switch (0 events):
No events

VM Operations (18 events):
Event: 0,237 Executing VM operation: HandshakeAllThreads (Deoptimize)
Event: 0,237 Executing VM operation: HandshakeAllThreads (Deoptimize) done
Event: 0,257 Executing VM operation: HandshakeAllThreads (Deoptimize)
Event: 0,257 Executing VM operation: HandshakeAllThreads (Deoptimize) done
Event: 0,335 Executing VM operation: HandshakeAllThreads (Deoptimize)
Event: 0,335 Executing VM operation: HandshakeAllThreads (Deoptimize) done
Event: 0,427 Executing VM operation: G1CollectForAllocation (G1 Evacuation Pause)
Event: 0,432 Executing VM operation: G1CollectForAllocation (G1 Evacuation Pause) done
Event: 0,473 Executing VM operation: HandshakeAllThreads (Deoptimize)
Event: 0,473 Executing VM operation: HandshakeAllThreads (Deoptimize) done
Event: 0,480 Executing VM operation: HandshakeAllThreads (Deoptimize)
Event: 0,480 Executing VM operation: HandshakeAllThreads (Deoptimize) done
Event: 0,618 Executing VM operation: HandshakeAllThreads (Deoptimize)
Event: 0,618 Executing VM operation: HandshakeAllThreads (Deoptimize) done
Event: 0,855 Executing VM operation: ICBufferFull
Event: 0,855 Executing VM operation: ICBufferFull done
Event: 0,901 Executing VM operation: G1CollectForAllocation (G1 Evacuation Pause)
Event: 0,906 Executing VM operation: G1CollectForAllocation (G1 Evacuation Pause) done

Memory protections (12 events):
Event: 0,001 Protecting memory [0x00007f4f7e219000,0x00007f4f7e21d000] with protection modes 0
Event: 0,036 Protecting memory [0x00007f4f7c71b000,0x00007f4f7c71f000] with protection modes 0
Event: 0,036 Protecting memory [0x00007f4f7c61b000,0x00007f4f7c61f000] with protection modes 0
Event: 0,036 Protecting memory [0x00007f4f7c51b000,0x00007f4f7c51f000] with protection modes 0
Event: 0,037 Protecting memory [0x00007f4f7c41b000,0x00007f4f7c41f000] with protection modes 0
Event: 0,037 Protecting memory [0x00007f4f7c31b000,0x00007f4f7c31f000] with protection modes 0
Event: 0,037 Protecting memory [0x00007f4f7c21b000,0x00007f4f7c21f000] with protection modes 0
Event: 0,037 Protecting memory [0x00007f4f7c11b000,0x00007f4f7c11f000] with protection modes 0
Event: 0,043 Protecting memory [0x00007f4f77f00000,0x00007f4f77f04000] with protection modes 0
Event: 0,044 Protecting memory [0x00007f4f5e218000,0x00007f4f5e21c000] with protection modes 0
Event: 0,250 Protecting memory [0x00007f4f06f00000,0x00007f4f06f04000] with protection modes 0
Event: 0,264 Protecting memory [0x00007f4f06e00000,0x00007f4f06e04000] with protection modes 0

Nmethod flushes (0 events):
No events

Events (12 events):
Event: 0,025 Thread 0x00007f4f7802b130 Thread added: 0x00007f4f7802b130
Event: 0,036 Thread 0x00007f4f7802b130 Thread added: 0x00007f4f7814c890
Event: 0,036 Thread 0x00007f4f7802b130 Thread added: 0x00007f4f7814df10
Event: 0,036 Thread 0x00007f4f7802b130 Thread added: 0x00007f4f7814f6c0
Event: 0,037 Thread 0x00007f4f7802b130 Thread added: 0x00007f4f78150cf0
Event: 0,037 Thread 0x00007f4f7802b130 Thread added: 0x00007f4f78152280
Event: 0,037 Thread 0x00007f4f7802b130 Thread added: 0x00007f4f78153db0
Event: 0,037 Thread 0x00007f4f7802b130 Thread added: 0x00007f4f78155460
Event: 0,043 Thread 0x00007f4f7802b130 Thread added: 0x00007f4f78191290
Event: 0,044 Thread 0x00007f4f7802b130 Thread added: 0x00007f4f781941b0
Event: 0,250 Thread 0x00007f4f7802b130 Thread added: 0x00007f4f7861f7d0
Event: 0,264 Thread 0x00007f4f7802b130 Thread added: 0x00007f4f78630210


Dynamic libraries:
84600000-8c200000 rw-p 00000000 00:00 0 
8c200000-ffe00000 ---p 00000000 00:00 0 
ffe00000-fff0d000 rw-p 00cd8000 00:1f 866425                             /usr/lib/jvm/java-21-openjdk-21.0.5.0.11-1.fc40.x86_64/lib/server/classes.jsa
fff0d000-100000000 rw-p 00000000 00:00 0 
55cd06ce5000-55cd06ce6000 r--p 00000000 00:1f 866059                     /usr/lib/jvm/java-21-openjdk-21.0.5.0.11-1.fc40.x86_64/bin/java
55cd06ce6000-55cd06ce7000 r-xp 00001000 00:1f 866059                     /usr/lib/jvm/java-21-openjdk-21.0.5.0.11-1.fc40.x86_64/bin/java
55cd06ce7000-55cd06ce8000 r--p 00002000 00:1f 866059                     /usr/lib/jvm/java-21-openjdk-21.0.5.0.11-1.fc40.x86_64/bin/java
55cd06ce8000-55cd06ce9000 r--p 00002000 00:1f 866059                     /usr/lib/jvm/java-21-openjdk-21.0.5.0.11-1.fc40.x86_64/bin/java
55cd06ce9000-55cd06cea000 rw-p 00003000 00:1f 866059                     /usr/lib/jvm/java-21-openjdk-21.0.5.0.11-1.fc40.x86_64/bin/java
55cd21c45000-55cd21c8b000 rw-p 00000000 00:00 0                          [heap]
7f4eb0000000-7f4eb0021000 rw-p 00000000 00:00 0 
7f4eb0021000-7f4eb4000000 ---p 00000000 00:00 0 
7f4eb4000000-7f4eb4021000 rw-p 00000000 00:00 0 
7f4eb4021000-7f4eb8000000 ---p 00000000 00:00 0 
7f4eb8000000-7f4eb8021000 rw-p 00000000 00:00 0 
7f4eb8021000-7f4ebc000000 ---p 00000000 00:00 0 
7f4ebc000000-7f4ebc021000 rw-p 00000000 00:00 0 
7f4ebc021000-7f4ec0000000 ---p 00000000 00:00 0 
7f4ec0000000-7f4ec0021000 rw-p 00000000 00:00 0 
7f4ec0021000-7f4ec4000000 ---p 00000000 00:00 0 
7f4ec4000000-7f4ec4021000 rw-p 00000000 00:00 0 
7f4ec4021000-7f4ec8000000 ---p 00000000 00:00 0 
7f4ec8000000-7f4ec83d3000 rw-p 00000000 00:00 0 
7f4ec83d3000-7f4ecc000000 ---p 00000000 00:00 0 
7f4ecc000000-7f4ecc021000 rw-p 00000000 00:00 0 
7f4ecc021000-7f4ed0000000 ---p 00000000 00:00 0 
7f4ed0000000-7f4ed0021000 rw-p 00000000 00:00 0 
7f4ed0021000-7f4ed4000000 ---p 00000000 00:00 0 
7f4ed4000000-7f4ed451d000 rw-p 00000000 00:00 0 
7f4ed451d000-7f4ed8000000 ---p 00000000 00:00 0 
7f4ed8000000-7f4ed8021000 rw-p 00000000 00:00 0 
7f4ed8021000-7f4edc000000 ---p 00000000 00:00 0 
7f4edc000000-7f4edc021000 rw-p 00000000 00:00 0 
7f4edc021000-7f4ee0000000 ---p 00000000 00:00 0 
7f4ee0000000-7f4ee0021000 rw-p 00000000 00:00 0 
7f4ee0021000-7f4ee4000000 ---p 00000000 00:00 0 
7f4ee6400000-7f4ef3f1d000 r--p 00000000 00:1f 1446673                    /usr/lib/locale/locale-archive
7f4ef4000000-7f4ef4021000 rw-p 00000000 00:00 0 
7f4ef4021000-7f4ef8000000 ---p 00000000 00:00 0 
7f4ef8000000-7f4ef8021000 rw-p 00000000 00:00 0 
7f4ef8021000-7f4efc000000 ---p 00000000 00:00 0 
7f4efc000000-7f4efc340000 rw-p 00000000 00:00 0 
7f4efc340000-7f4efc400000 ---p 00000000 00:00 0 
7f4efc400000-7f4efc7a0000 rw-p 00000000 00:00 0 
7f4efc7a0000-7f4f00000000 ---p 00000000 00:00 0 
7f4f00000000-7f4f00021000 rw-p 00000000 00:00 0 
7f4f00021000-7f4f04000000 ---p 00000000 00:00 0 
7f4f06696000-7f4f06afd000 rw-p 00000000 00:00 0 
7f4f06afd000-7f4f06afe000 ---p 00000000 00:00 0 
7f4f06afe000-7f4f06bfe000 rw-p 00000000 00:00 0 
7f4f06bfe000-7f4f06bff000 ---p 00000000 00:00 0 
7f4f06bff000-7f4f06cff000 rw-p 00000000 00:00 0 
7f4f06cff000-7f4f06d00000 ---p 00000000 00:00 0 
7f4f06d00000-7f4f06e00000 rw-p 00000000 00:00 0 
7f4f06e00000-7f4f06e04000 ---p 00000000 00:00 0 
7f4f06e04000-7f4f06f00000 rw-p 00000000 00:00 0 
7f4f06f00000-7f4f06f04000 ---p 00000000 00:00 0 
7f4f06f04000-7f4f07000000 rw-p 00000000 00:00 0 
7f4f07000000-7f4f07c99000 rw-p 00001000 00:1f 866425                     /usr/lib/jvm/java-21-openjdk-21.0.5.0.11-1.fc40.x86_64/lib/server/classes.jsa
7f4f07c99000-7f4f08000000 ---p 00000000 00:00 0 
7f4f08000000-7f4f08040000 rw-p 00000000 00:00 0 
7f4f08040000-7f4f08080000 rw-p 00000000 00:00 0 
7f4f08080000-7f4f080e0000 rw-p 00000000 00:00 0 
7f4f080e0000-7f4f080f0000 rw-p 00000000 00:00 0 
7f4f080f0000-7f4f08100000 ---p 00000000 00:00 0 
7f4f08100000-7f4f08110000 rw-p 00000000 00:00 0 
7f4f08110000-7f4f48000000 ---p 00000000 00:00 0 
7f4f48000000-7f4f48021000 rw-p 00000000 00:00 0 
7f4f48021000-7f4f4c000000 ---p 00000000 00:00 0 
7f4f4c000000-7f4f4c021000 rw-p 00000000 00:00 0 
7f4f4c021000-7f4f50000000 ---p 00000000 00:00 0 
7f4f50000000-7f4f50021000 rw-p 00000000 00:00 0 
7f4f50021000-7f4f54000000 ---p 00000000 00:00 0 
7f4f54000000-7f4f54021000 rw-p 00000000 00:00 0 
7f4f54021000-7f4f58000000 ---p 00000000 00:00 0 
7f4f58000000-7f4f58021000 rw-p 00000000 00:00 0 
7f4f58021000-7f4f5c000000 ---p 00000000 00:00 0 
7f4f5c051000-7f4f5c076000 r--p 00000000 00:1f 1446660                    /usr/share/locale/pt_BR/LC_MESSAGES/libc.mo
7f4f5c079000-7f4f5c082000 r--p 00000000 00:1f 1398854                    /usr/lib64/libnspr4.so
7f4f5c082000-7f4f5c0a9000 r-xp 00009000 00:1f 1398854                    /usr/lib64/libnspr4.so
7f4f5c0a9000-7f4f5c0b5000 r--p 00030000 00:1f 1398854                    /usr/lib64/libnspr4.so
7f4f5c0b5000-7f4f5c0b7000 r--p 0003b000 00:1f 1398854                    /usr/lib64/libnspr4.so
7f4f5c0b7000-7f4f5c0b8000 rw-p 0003d000 00:1f 1398854                    /usr/lib64/libnspr4.so
7f4f5c0b8000-7f4f5c0bb000 rw-p 00000000 00:00 0 
7f4f5c0c1000-7f4f5c0dc000 r--p 00000000 00:1f 1404377                    /usr/lib64/libnss3.so
7f4f5c0dc000-7f4f5c1c2000 r-xp 0001b000 00:1f 1404377                    /usr/lib64/libnss3.so
7f4f5c1c2000-7f4f5c1f5000 r--p 00101000 00:1f 1404377                    /usr/lib64/libnss3.so
7f4f5c1f5000-7f4f5c1fb000 r--p 00134000 00:1f 1404377                    /usr/lib64/libnss3.so
7f4f5c1fb000-7f4f5c1fe000 rw-p 0013a000 00:1f 1404377                    /usr/lib64/libnss3.so
7f4f5c1fe000-7f4f5c1ff000 rw-p 00000000 00:00 0 
7f4f5c200000-7f4f5e200000 rw-p 00000000 00:00 0 
7f4f5e218000-7f4f5e21c000 ---p 00000000 00:00 0 
7f4f5e21c000-7f4f5e318000 rw-p 00000000 00:00 0 
7f4f5e318000-7f4f5e508000 rw-p 00000000 00:00 0 
7f4f5e508000-7f4f601f8000 ---p 00000000 00:00 0 
7f4f601f8000-7f4f60200000 rw-p 00000000 00:00 0 
7f4f60200000-7f4f60480000 rwxp 00000000 00:00 0 
7f4f60480000-7f4f67737000 ---p 00000000 00:00 0 
7f4f67737000-7f4f679a7000 rwxp 00000000 00:00 0 
7f4f679a7000-7f4f67cc8000 ---p 00000000 00:00 0 
7f4f67cc8000-7f4f67f38000 rwxp 00000000 00:00 0 
7f4f67f38000-7f4f6f200000 ---p 00000000 00:00 0 
7f4f6f200000-7f4f77e7c000 r--s 00000000 00:1f 866420                     /usr/lib/jvm/java-21-openjdk-21.0.5.0.11-1.fc40.x86_64/lib/modules
7f4f77ea1000-7f4f77ea2000 r--p 00000000 00:1f 1398856                    /usr/lib64/libplds4.so
7f4f77ea2000-7f4f77ea4000 r-xp 00001000 00:1f 1398856                    /usr/lib64/libplds4.so
7f4f77ea4000-7f4f77ea5000 r--p 00003000 00:1f 1398856                    /usr/lib64/libplds4.so
7f4f77ea5000-7f4f77ea6000 r--p 00003000 00:1f 1398856                    /usr/lib64/libplds4.so
7f4f77ea6000-7f4f77ea7000 rw-p 00004000 00:1f 1398856                    /usr/lib64/libplds4.so
7f4f77ea9000-7f4f77eb6000 r--p 00000000 00:1f 1398860                    /usr/lib64/libnssutil3.so
7f4f77eb6000-7f4f77ec9000 r-xp 0000d000 00:1f 1398860                    /usr/lib64/libnssutil3.so
7f4f77ec9000-7f4f77ed5000 r--p 00020000 00:1f 1398860                    /usr/lib64/libnssutil3.so
7f4f77ed5000-7f4f77edc000 r--p 0002c000 00:1f 1398860                    /usr/lib64/libnssutil3.so
7f4f77edc000-7f4f77edd000 rw-p 00033000 00:1f 1398860                    /usr/lib64/libnssutil3.so
7f4f77ee9000-7f4f77ef0000 r--s 00000000 00:1f 1459251                    /usr/lib64/gconv/gconv-modules.cache
7f4f77ef1000-7f4f77ef3000 r--p 00000000 00:1f 866408                     /usr/lib/jvm/java-21-openjdk-21.0.5.0.11-1.fc40.x86_64/lib/libmanagement_ext.so
7f4f77ef3000-7f4f77ef6000 r-xp 00002000 00:1f 866408                     /usr/lib/jvm/java-21-openjdk-21.0.5.0.11-1.fc40.x86_64/lib/libmanagement_ext.so
7f4f77ef6000-7f4f77ef7000 r--p 00005000 00:1f 866408                     /usr/lib/jvm/java-21-openjdk-21.0.5.0.11-1.fc40.x86_64/lib/libmanagement_ext.so
7f4f77ef7000-7f4f77ef8000 r--p 00006000 00:1f 866408                     /usr/lib/jvm/java-21-openjdk-21.0.5.0.11-1.fc40.x86_64/lib/libmanagement_ext.so
7f4f77ef8000-7f4f77ef9000 rw-p 00000000 00:00 0 
7f4f77f00000-7f4f77f04000 ---p 00000000 00:00 0 
7f4f77f04000-7f4f78000000 rw-p 00000000 00:00 0 
7f4f78000000-7f4f7895d000 rw-p 00000000 00:00 0 
7f4f7895d000-7f4f7c000000 ---p 00000000 00:00 0 
7f4f7c009000-7f4f7c00b000 r--p 00000000 00:1f 1398855                    /usr/lib64/libplc4.so
7f4f7c00b000-7f4f7c00d000 r-xp 00002000 00:1f 1398855                    /usr/lib64/libplc4.so
7f4f7c00d000-7f4f7c00e000 r--p 00004000 00:1f 1398855                    /usr/lib64/libplc4.so
7f4f7c00e000-7f4f7c00f000 r--p 00004000 00:1f 1398855                    /usr/lib64/libplc4.so
7f4f7c00f000-7f4f7c010000 rw-p 00005000 00:1f 1398855                    /usr/lib64/libplc4.so
7f4f7c011000-7f4f7c012000 r--p 00000000 00:1f 866417                     /usr/lib/jvm/java-21-openjdk-21.0.5.0.11-1.fc40.x86_64/lib/libsystemconf.so
7f4f7c012000-7f4f7c013000 r-xp 00001000 00:1f 866417                     /usr/lib/jvm/java-21-openjdk-21.0.5.0.11-1.fc40.x86_64/lib/libsystemconf.so
7f4f7c013000-7f4f7c014000 r--p 00002000 00:1f 866417                     /usr/lib/jvm/java-21-openjdk-21.0.5.0.11-1.fc40.x86_64/lib/libsystemconf.so
7f4f7c014000-7f4f7c015000 r--p 00002000 00:1f 866417                     /usr/lib/jvm/java-21-openjdk-21.0.5.0.11-1.fc40.x86_64/lib/libsystemconf.so
7f4f7c015000-7f4f7c016000 rw-p 00000000 00:00 0 
7f4f7c019000-7f4f7c01b000 r--p 00000000 00:1f 866419                     /usr/lib/jvm/java-21-openjdk-21.0.5.0.11-1.fc40.x86_64/lib/libzip.so
7f4f7c01b000-7f4f7c02d000 r-xp 00002000 00:1f 866419                     /usr/lib/jvm/java-21-openjdk-21.0.5.0.11-1.fc40.x86_64/lib/libzip.so
7f4f7c02d000-7f4f7c035000 r--p 00014000 00:1f 866419                     /usr/lib/jvm/java-21-openjdk-21.0.5.0.11-1.fc40.x86_64/lib/libzip.so
7f4f7c035000-7f4f7c036000 r--p 0001b000 00:1f 866419                     /usr/lib/jvm/java-21-openjdk-21.0.5.0.11-1.fc40.x86_64/lib/libzip.so
7f4f7c036000-7f4f7c037000 rw-p 00000000 00:00 0 
7f4f7c039000-7f4f7c03c000 r--p 00000000 00:1f 866410                     /usr/lib/jvm/java-21-openjdk-21.0.5.0.11-1.fc40.x86_64/lib/libnet.so
7f4f7c03c000-7f4f7c044000 r-xp 00003000 00:1f 866410                     /usr/lib/jvm/java-21-openjdk-21.0.5.0.11-1.fc40.x86_64/lib/libnet.so
7f4f7c044000-7f4f7c046000 r--p 0000b000 00:1f 866410                     /usr/lib/jvm/java-21-openjdk-21.0.5.0.11-1.fc40.x86_64/lib/libnet.so
7f4f7c046000-7f4f7c047000 r--p 0000c000 00:1f 866410                     /usr/lib/jvm/java-21-openjdk-21.0.5.0.11-1.fc40.x86_64/lib/libnet.so
7f4f7c047000-7f4f7c048000 rw-p 00000000 00:00 0 
7f4f7c049000-7f4f7c04e000 r--p 00000000 00:1f 866403                     /usr/lib/jvm/java-21-openjdk-21.0.5.0.11-1.fc40.x86_64/lib/libjsvml.so
7f4f7c04e000-7f4f7c08f000 r-xp 00005000 00:1f 866403                     /usr/lib/jvm/java-21-openjdk-21.0.5.0.11-1.fc40.x86_64/lib/libjsvml.so
7f4f7c08f000-7f4f7c118000 r--p 00046000 00:1f 866403                     /usr/lib/jvm/java-21-openjdk-21.0.5.0.11-1.fc40.x86_64/lib/libjsvml.so
7f4f7c118000-7f4f7c119000 r--p 000ce000 00:1f 866403                     /usr/lib/jvm/java-21-openjdk-21.0.5.0.11-1.fc40.x86_64/lib/libjsvml.so
7f4f7c119000-7f4f7c11a000 rw-p 000cf000 00:1f 866403                     /usr/lib/jvm/java-21-openjdk-21.0.5.0.11-1.fc40.x86_64/lib/libjsvml.so
7f4f7c11b000-7f4f7c11f000 ---p 00000000 00:00 0 
7f4f7c11f000-7f4f7c21b000 rw-p 00000000 00:00 0 
7f4f7c21b000-7f4f7c21f000 ---p 00000000 00:00 0 
7f4f7c21f000-7f4f7c31b000 rw-p 00000000 00:00 0 
7f4f7c31b000-7f4f7c31f000 ---p 00000000 00:00 0 
7f4f7c31f000-7f4f7c41b000 rw-p 00000000 00:00 0 
7f4f7c41b000-7f4f7c41f000 ---p 00000000 00:00 0 
7f4f7c41f000-7f4f7c51b000 rw-p 00000000 00:00 0 
7f4f7c51b000-7f4f7c51f000 ---p 00000000 00:00 0 
7f4f7c51f000-7f4f7c61b000 rw-p 00000000 00:00 0 
7f4f7c61b000-7f4f7c61f000 ---p 00000000 00:00 0 
7f4f7c61f000-7f4f7c71b000 rw-p 00000000 00:00 0 
7f4f7c71b000-7f4f7c71f000 ---p 00000000 00:00 0 
7f4f7c71f000-7f4f7c81b000 rw-p 00000000 00:00 0 
7f4f7c81b000-7f4f7c81c000 ---p 00000000 00:00 0 
7f4f7c81c000-7f4f7c91c000 rw-p 00000000 00:00 0 
7f4f7c91c000-7f4f7c91d000 ---p 00000000 00:00 0 
7f4f7c91d000-7f4f7ca1d000 rw-p 00000000 00:00 0 
7f4f7ca1d000-7f4f7cb3a000 rw-p 00000000 00:00 0 
7f4f7cb3a000-7f4f7cb3b000 ---p 00000000 00:00 0 
7f4f7cb3b000-7f4f7cc3b000 rw-p 00000000 00:00 0 
7f4f7cc3b000-7f4f7cc3c000 ---p 00000000 00:00 0 
7f4f7cc3c000-7f4f7cd3c000 rw-p 00000000 00:00 0 
7f4f7cd3c000-7f4f7d140000 rw-p 00000000 00:00 0 
7f4f7d140000-7f4f7d141000 ---p 00000000 00:00 0 
7f4f7d141000-7f4f7d241000 rw-p 00000000 00:00 0 
7f4f7d241000-7f4f7d242000 ---p 00000000 00:00 0 
7f4f7d242000-7f4f7d342000 rw-p 00000000 00:00 0 
7f4f7d342000-7f4f7d343000 ---p 00000000 00:00 0 
7f4f7d343000-7f4f7d443000 rw-p 00000000 00:00 0 
7f4f7d443000-7f4f7d4c3000 rw-p 00000000 00:00 0 
7f4f7d4c3000-7f4f7d861000 ---p 00000000 00:00 0 
7f4f7d861000-7f4f7d8a0000 rw-p 00000000 00:00 0 
7f4f7d8a0000-7f4f7dc3e000 ---p 00000000 00:00 0 
7f4f7dc3e000-7f4f7e048000 rw-p 00000000 00:00 0 
7f4f7e048000-7f4f7e12e000 ---p 00000000 00:00 0 
7f4f7e12e000-7f4f7e133000 rw-p 00000000 00:00 0 
7f4f7e133000-7f4f7e219000 ---p 00000000 00:00 0 
7f4f7e219000-7f4f7e21d000 ---p 00000000 00:00 0 
7f4f7e21d000-7f4f7e319000 rw-p 00000000 00:00 0 
7f4f7e319000-7f4f7e329000 r--p 00000000 00:1f 1447250                    /usr/lib64/libm.so.6
7f4f7e329000-7f4f7e3a1000 r-xp 00010000 00:1f 1447250                    /usr/lib64/libm.so.6
7f4f7e3a1000-7f4f7e3fb000 r--p 00088000 00:1f 1447250                    /usr/lib64/libm.so.6
7f4f7e3fb000-7f4f7e3fc000 r--p 000e1000 00:1f 1447250                    /usr/lib64/libm.so.6
7f4f7e3fc000-7f4f7e3fd000 rw-p 000e2000 00:1f 1447250                    /usr/lib64/libm.so.6
7f4f7e400000-7f4f7e6a3000 r--p 00000000 00:1f 866428                     /usr/lib/jvm/java-21-openjdk-21.0.5.0.11-1.fc40.x86_64/lib/server/libjvm.so
7f4f7e6a3000-7f4f7f56b000 r-xp 002a3000 00:1f 866428                     /usr/lib/jvm/java-21-openjdk-21.0.5.0.11-1.fc40.x86_64/lib/server/libjvm.so
7f4f7f56b000-7f4f7f842000 r--p 0116b000 00:1f 866428                     /usr/lib/jvm/java-21-openjdk-21.0.5.0.11-1.fc40.x86_64/lib/server/libjvm.so
7f4f7f842000-7f4f7f916000 r--p 01441000 00:1f 866428                     /usr/lib/jvm/java-21-openjdk-21.0.5.0.11-1.fc40.x86_64/lib/server/libjvm.so
7f4f7f916000-7f4f7f946000 rw-p 01515000 00:1f 866428                     /usr/lib/jvm/java-21-openjdk-21.0.5.0.11-1.fc40.x86_64/lib/server/libjvm.so
7f4f7f946000-7f4f7f9ac000 rw-p 00000000 00:00 0 
7f4f7f9b1000-7f4f7f9b3000 r--p 00000000 00:1f 866406                     /usr/lib/jvm/java-21-openjdk-21.0.5.0.11-1.fc40.x86_64/lib/libmanagement.so
7f4f7f9b3000-7f4f7f9b4000 r-xp 00002000 00:1f 866406                     /usr/lib/jvm/java-21-openjdk-21.0.5.0.11-1.fc40.x86_64/lib/libmanagement.so
7f4f7f9b4000-7f4f7f9b5000 r--p 00003000 00:1f 866406                     /usr/lib/jvm/java-21-openjdk-21.0.5.0.11-1.fc40.x86_64/lib/libmanagement.so
7f4f7f9b5000-7f4f7f9b6000 r--p 00003000 00:1f 866406                     /usr/lib/jvm/java-21-openjdk-21.0.5.0.11-1.fc40.x86_64/lib/libmanagement.so
7f4f7f9b6000-7f4f7f9b7000 rw-p 00000000 00:00 0 
7f4f7f9b9000-7f4f7f9c0000 r--p 00000000 00:1f 866411                     /usr/lib/jvm/java-21-openjdk-21.0.5.0.11-1.fc40.x86_64/lib/libnio.so
7f4f7f9c0000-7f4f7f9ca000 r-xp 00007000 00:1f 866411                     /usr/lib/jvm/java-21-openjdk-21.0.5.0.11-1.fc40.x86_64/lib/libnio.so
7f4f7f9ca000-7f4f7f9ce000 r--p 00011000 00:1f 866411                     /usr/lib/jvm/java-21-openjdk-21.0.5.0.11-1.fc40.x86_64/lib/libnio.so
7f4f7f9ce000-7f4f7f9cf000 r--p 00015000 00:1f 866411                     /usr/lib/jvm/java-21-openjdk-21.0.5.0.11-1.fc40.x86_64/lib/libnio.so
7f4f7f9cf000-7f4f7f9d0000 rw-p 00016000 00:1f 866411                     /usr/lib/jvm/java-21-openjdk-21.0.5.0.11-1.fc40.x86_64/lib/libnio.so
7f4f7f9d1000-7f4f7f9de000 r--p 00000000 00:1f 866396                     /usr/lib/jvm/java-21-openjdk-21.0.5.0.11-1.fc40.x86_64/lib/libjava.so
7f4f7f9de000-7f4f7f9ed000 r-xp 0000d000 00:1f 866396                     /usr/lib/jvm/java-21-openjdk-21.0.5.0.11-1.fc40.x86_64/lib/libjava.so
7f4f7f9ed000-7f4f7f9f2000 r--p 0001c000 00:1f 866396                     /usr/lib/jvm/java-21-openjdk-21.0.5.0.11-1.fc40.x86_64/lib/libjava.so
7f4f7f9f2000-7f4f7f9f3000 r--p 00021000 00:1f 866396                     /usr/lib/jvm/java-21-openjdk-21.0.5.0.11-1.fc40.x86_64/lib/libjava.so
7f4f7f9f3000-7f4f7f9f4000 rw-p 00022000 00:1f 866396                     /usr/lib/jvm/java-21-openjdk-21.0.5.0.11-1.fc40.x86_64/lib/libjava.so
7f4f7f9f4000-7f4f7f9f5000 rw-p 00000000 00:00 0 
7f4f7f9f9000-7f4f7f9fd000 r--p 00000000 00:1f 866399                     /usr/lib/jvm/java-21-openjdk-21.0.5.0.11-1.fc40.x86_64/lib/libjimage.so
7f4f7f9fd000-7f4f7fa13000 r-xp 00004000 00:1f 866399                     /usr/lib/jvm/java-21-openjdk-21.0.5.0.11-1.fc40.x86_64/lib/libjimage.so
7f4f7fa13000-7f4f7fa19000 r--p 0001a000 00:1f 866399                     /usr/lib/jvm/java-21-openjdk-21.0.5.0.11-1.fc40.x86_64/lib/libjimage.so
7f4f7fa19000-7f4f7fa1b000 r--p 0001f000 00:1f 866399                     /usr/lib/jvm/java-21-openjdk-21.0.5.0.11-1.fc40.x86_64/lib/libjimage.so
7f4f7fa1b000-7f4f7fa1c000 rw-p 00021000 00:1f 866399                     /usr/lib/jvm/java-21-openjdk-21.0.5.0.11-1.fc40.x86_64/lib/libjimage.so
7f4f7fa21000-7f4f7fa49000 r--p 00000000 00:1f 1447248                    /usr/lib64/libc.so.6
7f4f7fa49000-7f4f7fbb7000 r-xp 00028000 00:1f 1447248                    /usr/lib64/libc.so.6
7f4f7fbb7000-7f4f7fc05000 r--p 00196000 00:1f 1447248                    /usr/lib64/libc.so.6
7f4f7fc05000-7f4f7fc09000 r--p 001e4000 00:1f 1447248                    /usr/lib64/libc.so.6
7f4f7fc09000-7f4f7fc0b000 rw-p 001e8000 00:1f 1447248                    /usr/lib64/libc.so.6
7f4f7fc0b000-7f4f7fc13000 rw-p 00000000 00:00 0 
7f4f7fc15000-7f4f7fc1a000 rw-p 00000000 00:00 0 
7f4f7fc1a000-7f4f7fc21000 ---p 00000000 00:00 0 
7f4f7fc21000-7f4f7fc29000 rw-s 00000000 00:28 1348                       /tmp/hsperfdata_ccordeiro/25799
7f4f7fc2f000-7f4f7fc30000 ---p 00000000 00:00 0 
7f4f7fc30000-7f4f7fc31000 r--p 00000000 00:00 0 
7f4f7fc31000-7f4f7fc33000 r--p 00000000 00:1f 866400                     /usr/lib/jvm/java-21-openjdk-21.0.5.0.11-1.fc40.x86_64/lib/libjli.so
7f4f7fc33000-7f4f7fc44000 r-xp 00002000 00:1f 866400                     /usr/lib/jvm/java-21-openjdk-21.0.5.0.11-1.fc40.x86_64/lib/libjli.so
7f4f7fc44000-7f4f7fc4b000 r--p 00013000 00:1f 866400                     /usr/lib/jvm/java-21-openjdk-21.0.5.0.11-1.fc40.x86_64/lib/libjli.so
7f4f7fc4b000-7f4f7fc4c000 r--p 00019000 00:1f 866400                     /usr/lib/jvm/java-21-openjdk-21.0.5.0.11-1.fc40.x86_64/lib/libjli.so
7f4f7fc4c000-7f4f7fc4d000 rw-p 0001a000 00:1f 866400                     /usr/lib/jvm/java-21-openjdk-21.0.5.0.11-1.fc40.x86_64/lib/libjli.so
7f4f7fc4e000-7f4f7fc53000 rw-p 00000000 00:00 0 
7f4f7fc53000-7f4f7fc57000 r--p 00000000 00:00 0                          [vvar]
7f4f7fc57000-7f4f7fc59000 r-xp 00000000 00:00 0                          [vdso]
7f4f7fc59000-7f4f7fc5a000 r--p 00000000 00:1f 1447245                    /usr/lib64/ld-linux-x86-64.so.2
7f4f7fc5a000-7f4f7fc82000 r-xp 00001000 00:1f 1447245                    /usr/lib64/ld-linux-x86-64.so.2
7f4f7fc82000-7f4f7fc8c000 r--p 00029000 00:1f 1447245                    /usr/lib64/ld-linux-x86-64.so.2
7f4f7fc8c000-7f4f7fc8e000 r--p 00033000 00:1f 1447245                    /usr/lib64/ld-linux-x86-64.so.2
7f4f7fc8e000-7f4f7fc90000 rw-p 00035000 00:1f 1447245                    /usr/lib64/ld-linux-x86-64.so.2
7f4f7fc90000-7f4f7fc91000 rwxp 00000000 00:00 0 
7fff9e48e000-7fff9e4b0000 rw-p 00000000 00:00 0                          [stack]
ffffffffff600000-ffffffffff601000 --xp 00000000 00:00 0                  [vsyscall]
Total number of mappings: 247


VM Arguments:
java_command: /home/ccordeiro/area_dev/spring-boot/tdd/automate-tests-with-java/target/surefire/surefirebooter-20250201211640101_3.jar /home/ccordeiro/area_dev/spring-boot/tdd/automate-tests-with-java/target/surefire 2025-02-01T21-16-39_992-jvmRun1 surefire-20250201211640101_1tmp surefire_0-20250201211640101_2tmp
java_class_path (initial): /home/ccordeiro/area_dev/spring-boot/tdd/automate-tests-with-java/target/surefire/surefirebooter-20250201211640101_3.jar
Launcher Type: SUN_STANDARD

[Global flags]
     intx CICompilerCount                          = 3                                         {product} {ergonomic}
     uint ConcGCThreads                            = 1                                         {product} {ergonomic}
     uint G1ConcRefinementThreads                  = 4                                         {product} {ergonomic}
   size_t G1HeapRegionSize                         = 1048576                                   {product} {ergonomic}
    uintx GCDrainStackTargetSize                   = 64                                        {product} {ergonomic}
   size_t InitialHeapSize                          = 130023424                                 {product} {ergonomic}
   size_t MarkStackSize                            = 4194304                                   {product} {ergonomic}
   size_t MaxHeapSize                              = 2074083328                                {product} {ergonomic}
   size_t MaxNewSize                               = 1243611136                                {product} {ergonomic}
   size_t MinHeapDeltaBytes                        = 1048576                                   {product} {ergonomic}
   size_t MinHeapSize                              = 8388608                                   {product} {ergonomic}
    uintx NonNMethodCodeHeapSize                   = 5832780                                {pd product} {ergonomic}
    uintx NonProfiledCodeHeapSize                  = 122912730                              {pd product} {ergonomic}
    uintx ProfiledCodeHeapSize                     = 122912730                              {pd product} {ergonomic}
    uintx ReservedCodeCacheSize                    = 251658240                              {pd product} {ergonomic}
     bool SegmentedCodeCache                       = true                                      {product} {ergonomic}
   size_t SoftMaxHeapSize                          = 2074083328                             {manageable} {ergonomic}
     bool UseCompressedOops                        = true                           {product lp64_product} {ergonomic}
     bool UseG1GC                                  = true                                      {product} {ergonomic}

Logging:
Log output configuration:
 #0: stdout all=warning uptime,level,tags foldmultilines=false
 #1: stderr all=off uptime,level,tags foldmultilines=false

Environment Variables:
JAVA_HOME=/usr/lib/jvm/jre-21-openjdk
PATH=/home/ccordeiro/.local/bin:/home/ccordeiro/bin:/usr/local/bin:/usr/local/sbin:/usr/bin:/usr/sbin:/var/lib/snapd/snap/bin:/home/ccordeiro/.dotnet/tools
USERNAME=ccordeiro
SHELL=/bin/bash
DISPLAY=:0
LANG=pt_BR.UTF-8
TERM=xterm-256color

Active Locale:
LC_ALL=pt_BR.UTF-8
LC_COLLATE=pt_BR.UTF-8
LC_CTYPE=pt_BR.UTF-8
LC_MESSAGES=pt_BR.UTF-8
LC_MONETARY=pt_BR.UTF-8
LC_NUMERIC=pt_BR.UTF-8
LC_TIME=pt_BR.UTF-8

Signal Handlers:
   SIGSEGV: crash_handler in libjvm.so, mask=11100100010111111101111111111110, flags=SA_RESTART|SA_SIGINFO, unblocked
    SIGBUS: crash_handler in libjvm.so, mask=11100100010111111101111111111110, flags=SA_RESTART|SA_SIGINFO, unblocked
    SIGFPE: crash_handler in libjvm.so, mask=11100100010111111101111111111110, flags=SA_RESTART|SA_SIGINFO, unblocked
   SIGPIPE: SIG_IGN, mask=00000000000000000000000000000000, flags=none, unblocked
  *** Handler was modified!
  *** Expected: javaSignalHandler in libjvm.so, mask=11100100110111111111111111111110, flags=SA_RESTART|SA_SIGINFO
   SIGXFSZ: javaSignalHandler in libjvm.so, mask=11100100010111111101111111111110, flags=SA_RESTART|SA_SIGINFO, unblocked
    SIGILL: crash_handler in libjvm.so, mask=11100100010111111101111111111110, flags=SA_RESTART|SA_SIGINFO, unblocked
   SIGUSR2: SR_handler in libjvm.so, mask=00000000000000000000000000000000, flags=SA_RESTART|SA_SIGINFO, unblocked
    SIGHUP: UserHandler in libjvm.so, mask=11100100010111111101111111111110, flags=SA_RESTART|SA_SIGINFO, unblocked
    SIGINT: UserHandler in libjvm.so, mask=11100100010111111101111111111110, flags=SA_RESTART|SA_SIGINFO, unblocked
   SIGTERM: UserHandler in libjvm.so, mask=11100100010111111101111111111110, flags=SA_RESTART|SA_SIGINFO, unblocked
   SIGQUIT: UserHandler in libjvm.so, mask=11100100010111111101111111111110, flags=SA_RESTART|SA_SIGINFO, blocked
   SIGTRAP: crash_handler in libjvm.so, mask=11100100010111111101111111111110, flags=SA_RESTART|SA_SIGINFO, unblocked


Periodic native trim disabled

---------------  S Y S T E M  ---------------

OS:
Fedora release 40 (Forty)
uname: Linux 6.12.10-100.fc40.x86_64 #1 SMP PREEMPT_DYNAMIC Fri Jan 17 18:03:20 UTC 2025 x86_64
OS uptime: 0 days 6:23 hours
libc: glibc 2.39 NPTL 2.39 
rlimit (soft/hard): STACK 8192k/infinity , CORE infinity/infinity , NPROC 31379/31379 , NOFILE 1048576/1048576 , AS infinity/infinity , CPU infinity/infinity , DATA infinity/infinity , FSIZE infinity/infinity , MEMLOCK 8192k/8192k
load average: 1,48 2,26 2,22

/proc/meminfo:
MemTotal:        8101640 kB
MemFree:          116492 kB
MemAvailable:    2875460 kB
Buffers:             308 kB
Cached:          2984460 kB
SwapCached:         6184 kB
Active:          4055344 kB
Inactive:        2345056 kB
Active(anon):    3064828 kB
Inactive(anon):   413700 kB
Active(file):     990516 kB
Inactive(file):  1931356 kB
Unevictable:        5848 kB
Mlocked:            5848 kB
SwapTotal:       8100860 kB
SwapFree:        5966524 kB
Zswap:                 0 kB
Zswapped:              0 kB
Dirty:              2464 kB
Writeback:             0 kB
AnonPages:       3419232 kB
Mapped:           825712 kB
Shmem:             57756 kB
KReclaimable:     114060 kB
Slab:             345884 kB
SReclaimable:     114060 kB
SUnreclaim:       231824 kB
KernelStack:       22272 kB
PageTables:        81060 kB
SecPageTables:         0 kB
NFS_Unstable:          0 kB
Bounce:                0 kB
WritebackTmp:          0 kB
CommitLimit:    12151680 kB
Committed_AS:   40481396 kB
VmallocTotal:   34359738367 kB
VmallocUsed:      139192 kB
VmallocChunk:          0 kB
Percpu:             6944 kB
HardwareCorrupted:     0 kB
AnonHugePages:         0 kB
ShmemHugePages:        0 kB
ShmemPmdMapped:        0 kB
FileHugePages:         0 kB
FilePmdMapped:         0 kB
CmaTotal:              0 kB
CmaFree:               0 kB
Unaccepted:            0 kB
HugePages_Total:       0
HugePages_Free:        0
HugePages_Rsvd:        0
HugePages_Surp:        0
Hugepagesize:       2048 kB
Hugetlb:               0 kB
DirectMap4k:     2466304 kB
DirectMap2M:     5904384 kB
DirectMap1G:           0 kB

/sys/kernel/mm/transparent_hugepage/enabled: always [madvise] never
/sys/kernel/mm/transparent_hugepage/hpage_pmd_size: 2097152
/sys/kernel/mm/transparent_hugepage/defrag (defrag/compaction efforts parameter): always defer defer+madvise [madvise] never

Process Memory:
Virtual Size: 5352100K (peak: 5352100K)
Resident Set Size: 95392K (peak: 95392K) (anon: 70668K, file: 24724K, shmem: 0K)
Swapped out: 0K
C-Heap outstanding allocations: 31020K, retained: 2743K
glibc malloc tunables: (default)

/proc/sys/kernel/threads-max (system-wide limit on the number of threads): 62759
/proc/sys/vm/max_map_count (maximum number of memory map areas a process may have): 1048576
/proc/sys/vm/swappiness (control to define how aggressively the kernel swaps out anonymous memory): 60
/proc/sys/kernel/pid_max (system-wide limit on number of process identifiers): 4194304

container information not found.
Steal ticks since vm start: 0
Steal ticks percentage since vm start:  0,000

CPU: total 8 (initial active 4) (4 cores per cpu, 1 threads per core) family 21 model 1 stepping 2 microcode 0x600063e, cx8, cmov, fxsr, mmx, 3dnowpref, sse, sse2, sse3, ssse3, sse4a, sse4.1, sse4.2, popcnt, lzcnt, tsc, tscinvbit, avx, aes, clmul, vzeroupper, clflush, rdtscp
CPU Model and flags from /proc/cpuinfo:
model name	: AMD FX(tm)-4100 Quad-Core Processor
flags		: fpu vme de pse tsc msr pae mce cx8 apic sep mtrr pge mca cmov pat pse36 clflush mmx fxsr sse sse2 ht syscall nx mmxext fxsr_opt pdpe1gb rdtscp lm constant_tsc rep_good nopl nonstop_tsc cpuid extd_apicid aperfmperf pni pclmulqdq monitor ssse3 cx16 sse4_1 sse4_2 popcnt aes xsave avx lahf_lm cmp_legacy svm extapic cr8_legacy abm sse4a misalignsse 3dnowprefetch osvw ibs xop skinit wdt fma4 nodeid_msr topoext perfctr_core perfctr_nb cpb hw_pstate ssbd ibpb vmmcall arat npt lbrv svm_lock nrip_save tsc_scale vmcb_clean flushbyasid decodeassists pausefilter pfthreshold

Online cpus: 0-3
Offline cpus: 4-7
BIOS frequency limitation: 3600000
Frequency switch latency (ns): 4000
Available cpu frequencies: 3600000 3300000 2500000 1700000 1400000 
Current governor: schedutil
Core performance/turbo boost: 1

Memory: 4k page, physical 8101640k(2875460k free), swap 8100860k(5966524k free)
Page Sizes: 4k

vm_info: OpenJDK 64-Bit Server VM (21.0.5+11) for linux-amd64 JRE (21.0.5+11), built on 2024-10-18T00:00:00Z by "mockbuild" with gcc 13.3.1 20240913 (Red Hat 13.3.1-3)

END.
